<?xml version="1.0" encoding="UTF-8"?>
<testsuite name="com.gdt.bdd.runner.BDDTestRunner" tests="0" skipped="0" failures="0" errors="0" timestamp="1970-01-01T00:00:00" hostname="dsolano" time="0.0">
  <properties/>
  <system-out><![CDATA[2019-07-22 17:08:12 | ERROR | [Test worker] c.g.b.r.BDDTestRunner:56 -  ******************* THE ENVIRONMENT VARIABLE IS OBLIGATED TO SET ***************** 
2019-07-22 17:08:12 | INFO  | [Test worker] c.g.b.r.BDDTestRunner:61 -  Loading DEFAULT Environment Configuration File --------------------------- : developEnv.properties
2019-07-22 17:08:12 | DEBUG | [Test worker] c.g.u.EnvPropertiesManagement:72 - enviromentProperties: /home/dsolano/sourceCode/GradleBaseTestAPI/src/test/resources/enviroment/developEnv.properties
2019-07-22 17:08:31 | DEBUG | [Test worker] c.g.b.r.BDDTestRunner:82 - Generating masterthought HTML reports .......
2019-07-22 17:08:32 | DEBUG | [Test worker] c.g.b.r.BDDTestRunner:106 - Generated Masterthought HTML reports
]]></system-out>
  <system-err><![CDATA[Jul 22, 2019 5:08:31 PM net.masterthought.cucumber.ReportParser parseJsonFiles
INFO: File 'target/cucumber.json' contains 1 features
]]></system-err>
</testsuite>
