<?xml version="1.0" encoding="UTF-8"?>
<testsuite name="FQAs Manager - CreateFQAs Resource - Validation" tests="12" skipped="0" failures="12" errors="0" timestamp="2019-07-22T15:08:12" hostname="dsolano" time="18.561">
  <properties/>
  <testcase name="Unsuccessful create a FAQ when the FAQ from have: Try to create a FAQ without code" classname="FQAs Manager - CreateFQAs Resource - Validation" time="3.351">
    <failure message="java.lang.AssertionError:  Bad The API response Code - Received: 0 &amp; Expected: 401 expected:&lt;401&gt; but was:&lt;0&gt;" type="java.lang.AssertionError">java.lang.AssertionError:  Bad The API response Code - Received: 0 &amp; Expected: 401 expected:&lt;401&gt; but was:&lt;0&gt;
	at org.junit.Assert.fail(Assert.java:88)
	at org.junit.Assert.failNotEquals(Assert.java:834)
	at org.junit.Assert.assertEquals(Assert.java:118)
	at com.gdt.bdd.stepDefinition.common.ApiCommonValidations.the_api_message_will_be(ApiCommonValidations.java:101)
	at ✽.The api message error code will be 401(file:src/test/resources/features/FAQs/CreateFQAs.feature:22)
</failure>
  </testcase>
  <testcase name="Unsuccessful create a FAQ when the FAQ from have: Try to create a FAQ with null code" classname="FQAs Manager - CreateFQAs Resource - Validation" time="1.61">
    <failure message="java.lang.AssertionError:  Bad Http Code - Received: 200 &amp; Expected: 503 expected:&lt;503&gt; but was:&lt;200&gt;" type="java.lang.AssertionError">java.lang.AssertionError:  Bad Http Code - Received: 200 &amp; Expected: 503 expected:&lt;503&gt; but was:&lt;200&gt;
	at org.junit.Assert.fail(Assert.java:88)
	at org.junit.Assert.failNotEquals(Assert.java:834)
	at org.junit.Assert.assertEquals(Assert.java:645)
	at com.gdt.bdd.stepDefinition.common.ApiCommonValidations.the_api_response_is(ApiCommonValidations.java:48)
	at ✽.The requestId-02 Http 503 API code will be received in less than envMaxTimeoutForRespond milliseconds(file:src/test/resources/features/FAQs/CreateFQAs.feature:21)
</failure>
  </testcase>
  <testcase name="Unsuccessful create a FAQ when the FAQ from have: Try to create a FAQ with aboveUpperLimit code" classname="FQAs Manager - CreateFQAs Resource - Validation" time="1.631">
    <failure message="java.lang.AssertionError:  Bad Http Code - Received: 200 &amp; Expected: 503 expected:&lt;503&gt; but was:&lt;200&gt;" type="java.lang.AssertionError">java.lang.AssertionError:  Bad Http Code - Received: 200 &amp; Expected: 503 expected:&lt;503&gt; but was:&lt;200&gt;
	at org.junit.Assert.fail(Assert.java:88)
	at org.junit.Assert.failNotEquals(Assert.java:834)
	at org.junit.Assert.assertEquals(Assert.java:645)
	at com.gdt.bdd.stepDefinition.common.ApiCommonValidations.the_api_response_is(ApiCommonValidations.java:48)
	at ✽.The requestId-03 Http 503 API code will be received in less than envMaxTimeoutForRespond milliseconds(file:src/test/resources/features/FAQs/CreateFQAs.feature:21)
</failure>
  </testcase>
  <testcase name="Unsuccessful create a FAQ when the FAQ from have: Try to create a FAQ without answer" classname="FQAs Manager - CreateFQAs Resource - Validation" time="1.413">
    <failure message="java.lang.AssertionError:  Bad Http Code - Received: 200 &amp; Expected: 503 expected:&lt;503&gt; but was:&lt;200&gt;" type="java.lang.AssertionError">java.lang.AssertionError:  Bad Http Code - Received: 200 &amp; Expected: 503 expected:&lt;503&gt; but was:&lt;200&gt;
	at org.junit.Assert.fail(Assert.java:88)
	at org.junit.Assert.failNotEquals(Assert.java:834)
	at org.junit.Assert.assertEquals(Assert.java:645)
	at com.gdt.bdd.stepDefinition.common.ApiCommonValidations.the_api_response_is(ApiCommonValidations.java:48)
	at ✽.The requestId-04 Http 503 API code will be received in less than envMaxTimeoutForRespond milliseconds(file:src/test/resources/features/FAQs/CreateFQAs.feature:21)
</failure>
  </testcase>
  <testcase name="Unsuccessful create a FAQ when the FAQ from have: Try to create a FAQ with null answer" classname="FQAs Manager - CreateFQAs Resource - Validation" time="1.527">
    <failure message="java.lang.AssertionError:  Bad Http Code - Received: 200 &amp; Expected: 503 expected:&lt;503&gt; but was:&lt;200&gt;" type="java.lang.AssertionError">java.lang.AssertionError:  Bad Http Code - Received: 200 &amp; Expected: 503 expected:&lt;503&gt; but was:&lt;200&gt;
	at org.junit.Assert.fail(Assert.java:88)
	at org.junit.Assert.failNotEquals(Assert.java:834)
	at org.junit.Assert.assertEquals(Assert.java:645)
	at com.gdt.bdd.stepDefinition.common.ApiCommonValidations.the_api_response_is(ApiCommonValidations.java:48)
	at ✽.The requestId-05 Http 503 API code will be received in less than envMaxTimeoutForRespond milliseconds(file:src/test/resources/features/FAQs/CreateFQAs.feature:21)
</failure>
  </testcase>
  <testcase name="Unsuccessful create a FAQ when the FAQ from have: Try to create a FAQ with aboveUpperLimit answer" classname="FQAs Manager - CreateFQAs Resource - Validation" time="1.735">
    <failure message="java.lang.AssertionError:  Bad Http Code - Received: 200 &amp; Expected: 503 expected:&lt;503&gt; but was:&lt;200&gt;" type="java.lang.AssertionError">java.lang.AssertionError:  Bad Http Code - Received: 200 &amp; Expected: 503 expected:&lt;503&gt; but was:&lt;200&gt;
	at org.junit.Assert.fail(Assert.java:88)
	at org.junit.Assert.failNotEquals(Assert.java:834)
	at org.junit.Assert.assertEquals(Assert.java:645)
	at com.gdt.bdd.stepDefinition.common.ApiCommonValidations.the_api_response_is(ApiCommonValidations.java:48)
	at ✽.The requestId-06 Http 503 API code will be received in less than envMaxTimeoutForRespond milliseconds(file:src/test/resources/features/FAQs/CreateFQAs.feature:21)
</failure>
  </testcase>
  <testcase name="Unsuccessful create a FAQ when the FAQ from have: Try to create a FAQ without question" classname="FQAs Manager - CreateFQAs Resource - Validation" time="1.249">
    <failure message="java.lang.AssertionError:  Bad Http Code - Received: 200 &amp; Expected: 503 expected:&lt;503&gt; but was:&lt;200&gt;" type="java.lang.AssertionError">java.lang.AssertionError:  Bad Http Code - Received: 200 &amp; Expected: 503 expected:&lt;503&gt; but was:&lt;200&gt;
	at org.junit.Assert.fail(Assert.java:88)
	at org.junit.Assert.failNotEquals(Assert.java:834)
	at org.junit.Assert.assertEquals(Assert.java:645)
	at com.gdt.bdd.stepDefinition.common.ApiCommonValidations.the_api_response_is(ApiCommonValidations.java:48)
	at ✽.The requestId-07 Http 503 API code will be received in less than envMaxTimeoutForRespond milliseconds(file:src/test/resources/features/FAQs/CreateFQAs.feature:21)
</failure>
  </testcase>
  <testcase name="Unsuccessful create a FAQ when the FAQ from have: Try to create a FAQ with null question" classname="FQAs Manager - CreateFQAs Resource - Validation" time="0.96">
    <failure message="java.lang.AssertionError:  Bad Http Code - Received: 200 &amp; Expected: 503 expected:&lt;503&gt; but was:&lt;200&gt;" type="java.lang.AssertionError">java.lang.AssertionError:  Bad Http Code - Received: 200 &amp; Expected: 503 expected:&lt;503&gt; but was:&lt;200&gt;
	at org.junit.Assert.fail(Assert.java:88)
	at org.junit.Assert.failNotEquals(Assert.java:834)
	at org.junit.Assert.assertEquals(Assert.java:645)
	at com.gdt.bdd.stepDefinition.common.ApiCommonValidations.the_api_response_is(ApiCommonValidations.java:48)
	at ✽.The requestId-08 Http 503 API code will be received in less than envMaxTimeoutForRespond milliseconds(file:src/test/resources/features/FAQs/CreateFQAs.feature:21)
</failure>
  </testcase>
  <testcase name="Unsuccessful create a FAQ when the FAQ from have: Try to create a FAQ with aboveUpperLimit question" classname="FQAs Manager - CreateFQAs Resource - Validation" time="0.96">
    <failure message="java.lang.AssertionError:  Bad Http Code - Received: 200 &amp; Expected: 503 expected:&lt;503&gt; but was:&lt;200&gt;" type="java.lang.AssertionError">java.lang.AssertionError:  Bad Http Code - Received: 200 &amp; Expected: 503 expected:&lt;503&gt; but was:&lt;200&gt;
	at org.junit.Assert.fail(Assert.java:88)
	at org.junit.Assert.failNotEquals(Assert.java:834)
	at org.junit.Assert.assertEquals(Assert.java:645)
	at com.gdt.bdd.stepDefinition.common.ApiCommonValidations.the_api_response_is(ApiCommonValidations.java:48)
	at ✽.The requestId-09 Http 503 API code will be received in less than envMaxTimeoutForRespond milliseconds(file:src/test/resources/features/FAQs/CreateFQAs.feature:21)
</failure>
  </testcase>
  <testcase name="Unsuccessful create a FAQ when the FAQ from have: Try to create a FAQ without link" classname="FQAs Manager - CreateFQAs Resource - Validation" time="0.951">
    <failure message="java.lang.AssertionError:  Bad Http Code - Received: 200 &amp; Expected: 503 expected:&lt;503&gt; but was:&lt;200&gt;" type="java.lang.AssertionError">java.lang.AssertionError:  Bad Http Code - Received: 200 &amp; Expected: 503 expected:&lt;503&gt; but was:&lt;200&gt;
	at org.junit.Assert.fail(Assert.java:88)
	at org.junit.Assert.failNotEquals(Assert.java:834)
	at org.junit.Assert.assertEquals(Assert.java:645)
	at com.gdt.bdd.stepDefinition.common.ApiCommonValidations.the_api_response_is(ApiCommonValidations.java:48)
	at ✽.The requestId-10 Http 503 API code will be received in less than envMaxTimeoutForRespond milliseconds(file:src/test/resources/features/FAQs/CreateFQAs.feature:21)
</failure>
  </testcase>
  <testcase name="Unsuccessful create a FAQ when the FAQ from have: Try to create a FAQ with null link" classname="FQAs Manager - CreateFQAs Resource - Validation" time="1.654">
    <failure message="java.lang.AssertionError:  Bad Http Code - Received: 200 &amp; Expected: 503 expected:&lt;503&gt; but was:&lt;200&gt;" type="java.lang.AssertionError">java.lang.AssertionError:  Bad Http Code - Received: 200 &amp; Expected: 503 expected:&lt;503&gt; but was:&lt;200&gt;
	at org.junit.Assert.fail(Assert.java:88)
	at org.junit.Assert.failNotEquals(Assert.java:834)
	at org.junit.Assert.assertEquals(Assert.java:645)
	at com.gdt.bdd.stepDefinition.common.ApiCommonValidations.the_api_response_is(ApiCommonValidations.java:48)
	at ✽.The requestId-11 Http 503 API code will be received in less than envMaxTimeoutForRespond milliseconds(file:src/test/resources/features/FAQs/CreateFQAs.feature:21)
</failure>
  </testcase>
  <testcase name="Unsuccessful create a FAQ when the FAQ from have: Try to create a FAQ with aboveUpperLimit link" classname="FQAs Manager - CreateFQAs Resource - Validation" time="1.439">
    <failure message="java.lang.AssertionError:  Bad Http Code - Received: 200 &amp; Expected: 503 expected:&lt;503&gt; but was:&lt;200&gt;" type="java.lang.AssertionError">java.lang.AssertionError:  Bad Http Code - Received: 200 &amp; Expected: 503 expected:&lt;503&gt; but was:&lt;200&gt;
	at org.junit.Assert.fail(Assert.java:88)
	at org.junit.Assert.failNotEquals(Assert.java:834)
	at org.junit.Assert.assertEquals(Assert.java:645)
	at com.gdt.bdd.stepDefinition.common.ApiCommonValidations.the_api_response_is(ApiCommonValidations.java:48)
	at ✽.The requestId-12 Http 503 API code will be received in less than envMaxTimeoutForRespond milliseconds(file:src/test/resources/features/FAQs/CreateFQAs.feature:21)
</failure>
  </testcase>
  <system-out><![CDATA[@SmokeTest @FQAs @CreateFQAs
Feature: FQAs Manager - CreateFQAs Resource - Validation

  @CreateFQAsRestriction
  Scenario Outline: Unsuccessful create a FAQ when the FAQ from have: <objectOfTest> ?[90m# src/test/resources/features/FAQs/CreateFQAs.feature:18?[0m
    ?[36mGiven The FAQ from with the data: code: <code>, answer: <answer>, question: <question>, link: <link>?[0m
    ?[36mWhen Try to create the new FAQ <requestId>?[0m
    ?[36mThen The <requestId> Http <httpCode> API code will be received in less than envMaxTimeoutForRespond milliseconds?[0m
    ?[36mAnd The api message error code will be <apiErrorCode>?[0m

    Examples: 

  @SmokeTest @FQAs @CreateFQAs @CreateFQAsRestriction
  Scenario Outline: Unsuccessful create a FAQ when the FAQ from have: Try to create a FAQ without code         ?[90m# src/test/resources/features/FAQs/CreateFQAs.feature:26?[0m
2019-07-22 17:08:12 | INFO  | [Test worker] c.g.e.ScenarioContext:65 - *************************************
2019-07-22 17:08:12 | INFO  | [Test worker] c.g.e.ScenarioContext:66 -  Started Test Unsuccessful create a FAQ when the FAQ from have: Try to create a FAQ without code 
    ?[32mGiven ?[0m?[32mThe FAQ from with the data: code: ?[0m?[32m?[1mnotSet?[0m?[32m, answer: ?[0m?[32m?[1mExample01?[0m?[32m, question: ?[0m?[32m?[1mExample01?[0m?[32m, link: ?[0m?[32m?[1mExample01?[0m    ?[90m# FAQsSteps.faqFromData(String,String,String,String)?[0m
POST ----- Executed: - 
		Requested{
			url='/v1/faqs,
			headers=,
			body='{
					code='null
					, answer='Example01
					, question='Example01
					, link='Example01
				},
		multipartTextBody=
		}
2019-07-22 17:08:13 | INFO  | [Test worker] c.g.b.c.RestAssuredClient:117 - Endpoint: https://carrefour3.free.beeceptor.com/v1/faqs
{
    "id": "validIdValue",
    "code": "validCodeValue",
    "answer": "validAnswerValue",
    "question": "validQuestionValue",
    "link": "validLinkValue"
}
2019-07-22 17:08:15 | INFO  | [Test worker] c.g.b.c.RestAssuredClient:121 - << Response body: "{
			    "id": "validIdValue",
			    "code": "validCodeValue",
			    "answer": "validAnswerValue",
			    "question": "validQuestionValue",
			    "link": "validLinkValue"
			}"
{
    "id": "validIdValue",
    "code": "validCodeValue",
    "answer": "validAnswerValue",
    "question": "validQuestionValue",
    "link": "validLinkValue"
}
POST -----  Respond: - 
	Respond{
			methodType=application/json
			requestHttpCode=200
			elapsedTime=2475
			headers=
				Date=Mon, 22 Jul 2019 15:08:15 GMT
				Content-Type=application/json
				Transfer-Encoding=chunked
				Connection=keep-alive
				Access-Control-Allow-Origin=*
				Vary=Accept-Encoding
			bodyContent='{
			    "id": "validIdValue",
			    "code": "validCodeValue",
			    "answer": "validAnswerValue",
			    "question": "validQuestionValue",
			    "link": "validLinkValue"
			}
		}
POST -- ElapsedTime: 2475
    ?[32mWhen ?[0m?[32mTry to create the new FAQ ?[0m?[32m?[1mrequestId-01?[0m                                                                ?[90m# FAQsSteps.try_to_create_the_new_faq(String)?[0m
    ?[32mThen ?[0m?[32mThe ?[0m?[32m?[1mrequestId-01?[0m?[32m Http ?[0m?[32m?[1m200?[0m?[32m API code will be received in less than ?[0m?[32m?[1menvMaxTimeoutForRespond?[0m?[32m milliseconds?[0m ?[90m# ApiCommonValidations.the_api_response_is(String,int,String)?[0m
    ?[31mAnd ?[0m?[31mThe api message error code will be ?[0m?[31m?[1m401?[0m                                                                 ?[90m# ApiCommonValidations.the_api_message_will_be(Integer)?[0m
      ?[31mjava.lang.AssertionError:  Bad The API response Code - Received: 0 & Expected: 401 expected:<401> but was:<0>
	at org.junit.Assert.fail(Assert.java:88)
	at org.junit.Assert.failNotEquals(Assert.java:834)
	at org.junit.Assert.assertEquals(Assert.java:118)
	at com.gdt.bdd.stepDefinition.common.ApiCommonValidations.the_api_message_will_be(ApiCommonValidations.java:101)
	at ✽.The api message error code will be 401(file:src/test/resources/features/FAQs/CreateFQAs.feature:22)
?[0m
2019-07-22 17:08:15 | INFO  | [Test worker] c.g.e.ScenarioContext:79 - scenario failed *************************************

  @SmokeTest @FQAs @CreateFQAs @CreateFQAsRestriction
  Scenario Outline: Unsuccessful create a FAQ when the FAQ from have: Try to create a FAQ with null code       ?[90m# src/test/resources/features/FAQs/CreateFQAs.feature:27?[0m
2019-07-22 17:08:15 | INFO  | [Test worker] c.g.e.ScenarioContext:65 - *************************************
2019-07-22 17:08:15 | INFO  | [Test worker] c.g.e.ScenarioContext:66 -  Started Test Unsuccessful create a FAQ when the FAQ from have: Try to create a FAQ with null code 
    ?[32mGiven ?[0m?[32mThe FAQ from with the data: code: ?[0m?[32m?[1mnullValue?[0m?[32m, answer: ?[0m?[32m?[1mExample02?[0m?[32m, question: ?[0m?[32m?[1mExample02?[0m?[32m, link: ?[0m?[32m?[1mExample02?[0m ?[90m# FAQsSteps.faqFromData(String,String,String,String)?[0m
POST ----- Executed: - 
		Requested{
			url='/v1/faqs,
			headers=,
			body='{
					code='
					, answer='Example02
					, question='Example02
					, link='Example02
				},
		multipartTextBody=
		}
2019-07-22 17:08:15 | INFO  | [Test worker] c.g.b.c.RestAssuredClient:117 - Endpoint: https://carrefour3.free.beeceptor.com/v1/faqs
{
    "id": "validIdValue",
    "code": "validCodeValue",
    "answer": "validAnswerValue",
    "question": "validQuestionValue",
    "link": "validLinkValue"
}
2019-07-22 17:08:17 | INFO  | [Test worker] c.g.b.c.RestAssuredClient:121 - << Response body: "{
			    "id": "validIdValue",
			    "code": "validCodeValue",
			    "answer": "validAnswerValue",
			    "question": "validQuestionValue",
			    "link": "validLinkValue"
			}"
{
    "id": "validIdValue",
    "code": "validCodeValue",
    "answer": "validAnswerValue",
    "question": "validQuestionValue",
    "link": "validLinkValue"
}
POST -----  Respond: - 
	Respond{
			methodType=application/json
			requestHttpCode=200
			elapsedTime=1560
			headers=
				Date=Mon, 22 Jul 2019 15:08:17 GMT
				Content-Type=application/json
				Transfer-Encoding=chunked
				Connection=keep-alive
				Access-Control-Allow-Origin=*
				Vary=Accept-Encoding
			bodyContent='{
			    "id": "validIdValue",
			    "code": "validCodeValue",
			    "answer": "validAnswerValue",
			    "question": "validQuestionValue",
			    "link": "validLinkValue"
			}
		}
POST -- ElapsedTime: 1560
    ?[32mWhen ?[0m?[32mTry to create the new FAQ ?[0m?[32m?[1mrequestId-02?[0m                                                                ?[90m# FAQsSteps.try_to_create_the_new_faq(String)?[0m
    ?[31mThen ?[0m?[31mThe ?[0m?[31m?[1mrequestId-02?[0m?[31m Http ?[0m?[31m?[1m503?[0m?[31m API code will be received in less than ?[0m?[31m?[1menvMaxTimeoutForRespond?[0m?[31m milliseconds?[0m ?[90m# ApiCommonValidations.the_api_response_is(String,int,String)?[0m
      ?[31mjava.lang.AssertionError:  Bad Http Code - Received: 200 & Expected: 503 expected:<503> but was:<200>
	at org.junit.Assert.fail(Assert.java:88)
	at org.junit.Assert.failNotEquals(Assert.java:834)
	at org.junit.Assert.assertEquals(Assert.java:645)
	at com.gdt.bdd.stepDefinition.common.ApiCommonValidations.the_api_response_is(ApiCommonValidations.java:48)
	at ✽.The requestId-02 Http 503 API code will be received in less than envMaxTimeoutForRespond milliseconds(file:src/test/resources/features/FAQs/CreateFQAs.feature:21)
?[0m
    ?[36mAnd ?[0m?[36mThe api message error code will be ?[0m?[36m?[1m401?[0m                                                                 ?[90m# ApiCommonValidations.the_api_message_will_be(Integer)?[0m
2019-07-22 17:08:17 | INFO  | [Test worker] c.g.e.ScenarioContext:79 - scenario failed *************************************

  @SmokeTest @FQAs @CreateFQAs @CreateFQAsRestriction
  Scenario Outline: Unsuccessful create a FAQ when the FAQ from have: Try to create a FAQ with aboveUpperLimit code  ?[90m# src/test/resources/features/FAQs/CreateFQAs.feature:28?[0m
2019-07-22 17:08:17 | INFO  | [Test worker] c.g.e.ScenarioContext:65 - *************************************
2019-07-22 17:08:17 | INFO  | [Test worker] c.g.e.ScenarioContext:66 -  Started Test Unsuccessful create a FAQ when the FAQ from have: Try to create a FAQ with aboveUpperLimit code 
    ?[32mGiven ?[0m?[32mThe FAQ from with the data: code: ?[0m?[32m?[1maboveUpperLimit?[0m?[32m, answer: ?[0m?[32m?[1mExample03?[0m?[32m, question: ?[0m?[32m?[1mExample03?[0m?[32m, link: ?[0m?[32m?[1mExample03?[0m ?[90m# FAQsSteps.faqFromData(String,String,String,String)?[0m
POST ----- Executed: - 
		Requested{
			url='/v1/faqs,
			headers=,
			body='{
					code='6RwfxEl1h5faQnDCHNo4b8aIKMX19G4hYmTVAN0mcSXAZw7iDPBJh4Q818OvLqY5VogBXJgvQh9mXllzmdjn9oijTQ82EQGSfHMwzDdLxTNV1IyoX9zkVDGbsJKeQ08JY3q6Hf1rHv8NrxDGF0DpzeSo84feDbammGy4F4H24iqGG9WmhJfG9zinDsvr4JdzN0lA5p7xnRElxqgsJ86cauwJTkj3rhfLO9GPnWrIXT7nphmcT3Uf9XQE3MIKT7w0Ks8ShG9dijiFp1f6AMNzP6zXtmmwUGUkLy5bkMmwf3BFz
					, answer='Example03
					, question='Example03
					, link='Example03
				},
		multipartTextBody=
		}
2019-07-22 17:08:17 | INFO  | [Test worker] c.g.b.c.RestAssuredClient:117 - Endpoint: https://carrefour3.free.beeceptor.com/v1/faqs
{
    "id": "validIdValue",
    "code": "validCodeValue",
    "answer": "validAnswerValue",
    "question": "validQuestionValue",
    "link": "validLinkValue"
}
2019-07-22 17:08:19 | INFO  | [Test worker] c.g.b.c.RestAssuredClient:121 - << Response body: "{
			    "id": "validIdValue",
			    "code": "validCodeValue",
			    "answer": "validAnswerValue",
			    "question": "validQuestionValue",
			    "link": "validLinkValue"
			}"
{
    "id": "validIdValue",
    "code": "validCodeValue",
    "answer": "validAnswerValue",
    "question": "validQuestionValue",
    "link": "validLinkValue"
}
POST -----  Respond: - 
	Respond{
			methodType=application/json
			requestHttpCode=200
			elapsedTime=1525
			headers=
				Date=Mon, 22 Jul 2019 15:08:18 GMT
				Content-Type=application/json
				Transfer-Encoding=chunked
				Connection=keep-alive
				Access-Control-Allow-Origin=*
				Vary=Accept-Encoding
			bodyContent='{
			    "id": "validIdValue",
			    "code": "validCodeValue",
			    "answer": "validAnswerValue",
			    "question": "validQuestionValue",
			    "link": "validLinkValue"
			}
		}
POST -- ElapsedTime: 1525
    ?[32mWhen ?[0m?[32mTry to create the new FAQ ?[0m?[32m?[1mrequestId-03?[0m                                                                      ?[90m# FAQsSteps.try_to_create_the_new_faq(String)?[0m
    ?[31mThen ?[0m?[31mThe ?[0m?[31m?[1mrequestId-03?[0m?[31m Http ?[0m?[31m?[1m503?[0m?[31m API code will be received in less than ?[0m?[31m?[1menvMaxTimeoutForRespond?[0m?[31m milliseconds?[0m       ?[90m# ApiCommonValidations.the_api_response_is(String,int,String)?[0m
      ?[31mjava.lang.AssertionError:  Bad Http Code - Received: 200 & Expected: 503 expected:<503> but was:<200>
	at org.junit.Assert.fail(Assert.java:88)
	at org.junit.Assert.failNotEquals(Assert.java:834)
	at org.junit.Assert.assertEquals(Assert.java:645)
	at com.gdt.bdd.stepDefinition.common.ApiCommonValidations.the_api_response_is(ApiCommonValidations.java:48)
	at ✽.The requestId-03 Http 503 API code will be received in less than envMaxTimeoutForRespond milliseconds(file:src/test/resources/features/FAQs/CreateFQAs.feature:21)
?[0m
    ?[36mAnd ?[0m?[36mThe api message error code will be ?[0m?[36m?[1m401?[0m                                                                       ?[90m# ApiCommonValidations.the_api_message_will_be(Integer)?[0m
2019-07-22 17:08:19 | INFO  | [Test worker] c.g.e.ScenarioContext:79 - scenario failed *************************************

  @SmokeTest @FQAs @CreateFQAs @CreateFQAsRestriction
  Scenario Outline: Unsuccessful create a FAQ when the FAQ from have: Try to create a FAQ without answer       ?[90m# src/test/resources/features/FAQs/CreateFQAs.feature:29?[0m
2019-07-22 17:08:19 | INFO  | [Test worker] c.g.e.ScenarioContext:65 - *************************************
2019-07-22 17:08:19 | INFO  | [Test worker] c.g.e.ScenarioContext:66 -  Started Test Unsuccessful create a FAQ when the FAQ from have: Try to create a FAQ without answer 
    ?[32mGiven ?[0m?[32mThe FAQ from with the data: code: ?[0m?[32m?[1mnotSet?[0m?[32m, answer: ?[0m?[32m?[1mnotSet?[0m?[32m, question: ?[0m?[32m?[1mExample04?[0m?[32m, link: ?[0m?[32m?[1mExample04?[0m       ?[90m# FAQsSteps.faqFromData(String,String,String,String)?[0m
POST ----- Executed: - 
		Requested{
			url='/v1/faqs,
			headers=,
			body='{
					code='null
					, answer='null
					, question='Example04
					, link='Example04
				},
		multipartTextBody=
		}
2019-07-22 17:08:19 | INFO  | [Test worker] c.g.b.c.RestAssuredClient:117 - Endpoint: https://carrefour3.free.beeceptor.com/v1/faqs
{
    "id": "validIdValue",
    "code": "validCodeValue",
    "answer": "validAnswerValue",
    "question": "validQuestionValue",
    "link": "validLinkValue"
}
2019-07-22 17:08:20 | INFO  | [Test worker] c.g.b.c.RestAssuredClient:121 - << Response body: "{
			    "id": "validIdValue",
			    "code": "validCodeValue",
			    "answer": "validAnswerValue",
			    "question": "validQuestionValue",
			    "link": "validLinkValue"
			}"
{
    "id": "validIdValue",
    "code": "validCodeValue",
    "answer": "validAnswerValue",
    "question": "validQuestionValue",
    "link": "validLinkValue"
}
POST -----  Respond: - 
	Respond{
			methodType=application/json
			requestHttpCode=200
			elapsedTime=1348
			headers=
				Date=Mon, 22 Jul 2019 15:08:20 GMT
				Content-Type=application/json
				Transfer-Encoding=chunked
				Connection=keep-alive
				Access-Control-Allow-Origin=*
				Vary=Accept-Encoding
			bodyContent='{
			    "id": "validIdValue",
			    "code": "validCodeValue",
			    "answer": "validAnswerValue",
			    "question": "validQuestionValue",
			    "link": "validLinkValue"
			}
		}
POST -- ElapsedTime: 1348
    ?[32mWhen ?[0m?[32mTry to create the new FAQ ?[0m?[32m?[1mrequestId-04?[0m                                                                ?[90m# FAQsSteps.try_to_create_the_new_faq(String)?[0m
    ?[31mThen ?[0m?[31mThe ?[0m?[31m?[1mrequestId-04?[0m?[31m Http ?[0m?[31m?[1m503?[0m?[31m API code will be received in less than ?[0m?[31m?[1menvMaxTimeoutForRespond?[0m?[31m milliseconds?[0m ?[90m# ApiCommonValidations.the_api_response_is(String,int,String)?[0m
      ?[31mjava.lang.AssertionError:  Bad Http Code - Received: 200 & Expected: 503 expected:<503> but was:<200>
	at org.junit.Assert.fail(Assert.java:88)
	at org.junit.Assert.failNotEquals(Assert.java:834)
	at org.junit.Assert.assertEquals(Assert.java:645)
	at com.gdt.bdd.stepDefinition.common.ApiCommonValidations.the_api_response_is(ApiCommonValidations.java:48)
	at ✽.The requestId-04 Http 503 API code will be received in less than envMaxTimeoutForRespond milliseconds(file:src/test/resources/features/FAQs/CreateFQAs.feature:21)
?[0m
    ?[36mAnd ?[0m?[36mThe api message error code will be ?[0m?[36m?[1m401?[0m                                                                 ?[90m# ApiCommonValidations.the_api_message_will_be(Integer)?[0m
2019-07-22 17:08:20 | INFO  | [Test worker] c.g.e.ScenarioContext:79 - scenario failed *************************************

  @SmokeTest @FQAs @CreateFQAs @CreateFQAsRestriction
  Scenario Outline: Unsuccessful create a FAQ when the FAQ from have: Try to create a FAQ with null answer     ?[90m# src/test/resources/features/FAQs/CreateFQAs.feature:30?[0m
2019-07-22 17:08:20 | INFO  | [Test worker] c.g.e.ScenarioContext:65 - *************************************
2019-07-22 17:08:20 | INFO  | [Test worker] c.g.e.ScenarioContext:66 -  Started Test Unsuccessful create a FAQ when the FAQ from have: Try to create a FAQ with null answer 
    ?[32mGiven ?[0m?[32mThe FAQ from with the data: code: ?[0m?[32m?[1mnullValue?[0m?[32m, answer: ?[0m?[32m?[1mnullValue?[0m?[32m, question: ?[0m?[32m?[1mExample05?[0m?[32m, link: ?[0m?[32m?[1mExample05?[0m ?[90m# FAQsSteps.faqFromData(String,String,String,String)?[0m
POST ----- Executed: - 
		Requested{
			url='/v1/faqs,
			headers=,
			body='{
					code='
					, answer='
					, question='Example05
					, link='Example05
				},
		multipartTextBody=
		}
2019-07-22 17:08:20 | INFO  | [Test worker] c.g.b.c.RestAssuredClient:117 - Endpoint: https://carrefour3.free.beeceptor.com/v1/faqs
{
    "id": "validIdValue",
    "code": "validCodeValue",
    "answer": "validAnswerValue",
    "question": "validQuestionValue",
    "link": "validLinkValue"
}
2019-07-22 17:08:22 | INFO  | [Test worker] c.g.b.c.RestAssuredClient:121 - << Response body: "{
			    "id": "validIdValue",
			    "code": "validCodeValue",
			    "answer": "validAnswerValue",
			    "question": "validQuestionValue",
			    "link": "validLinkValue"
			}"
{
    "id": "validIdValue",
    "code": "validCodeValue",
    "answer": "validAnswerValue",
    "question": "validQuestionValue",
    "link": "validLinkValue"
}
POST -----  Respond: - 
	Respond{
			methodType=application/json
			requestHttpCode=200
			elapsedTime=1477
			headers=
				Date=Mon, 22 Jul 2019 15:08:21 GMT
				Content-Type=application/json
				Transfer-Encoding=chunked
				Connection=keep-alive
				Access-Control-Allow-Origin=*
				Vary=Accept-Encoding
			bodyContent='{
			    "id": "validIdValue",
			    "code": "validCodeValue",
			    "answer": "validAnswerValue",
			    "question": "validQuestionValue",
			    "link": "validLinkValue"
			}
		}
POST -- ElapsedTime: 1477
    ?[32mWhen ?[0m?[32mTry to create the new FAQ ?[0m?[32m?[1mrequestId-05?[0m                                                                ?[90m# FAQsSteps.try_to_create_the_new_faq(String)?[0m
    ?[31mThen ?[0m?[31mThe ?[0m?[31m?[1mrequestId-05?[0m?[31m Http ?[0m?[31m?[1m503?[0m?[31m API code will be received in less than ?[0m?[31m?[1menvMaxTimeoutForRespond?[0m?[31m milliseconds?[0m ?[90m# ApiCommonValidations.the_api_response_is(String,int,String)?[0m
      ?[31mjava.lang.AssertionError:  Bad Http Code - Received: 200 & Expected: 503 expected:<503> but was:<200>
	at org.junit.Assert.fail(Assert.java:88)
	at org.junit.Assert.failNotEquals(Assert.java:834)
	at org.junit.Assert.assertEquals(Assert.java:645)
	at com.gdt.bdd.stepDefinition.common.ApiCommonValidations.the_api_response_is(ApiCommonValidations.java:48)
	at ✽.The requestId-05 Http 503 API code will be received in less than envMaxTimeoutForRespond milliseconds(file:src/test/resources/features/FAQs/CreateFQAs.feature:21)
?[0m
    ?[36mAnd ?[0m?[36mThe api message error code will be ?[0m?[36m?[1m401?[0m                                                                 ?[90m# ApiCommonValidations.the_api_message_will_be(Integer)?[0m
2019-07-22 17:08:22 | INFO  | [Test worker] c.g.e.ScenarioContext:79 - scenario failed *************************************

  @SmokeTest @FQAs @CreateFQAs @CreateFQAsRestriction
  Scenario Outline: Unsuccessful create a FAQ when the FAQ from have: Try to create a FAQ with aboveUpperLimit answer      ?[90m# src/test/resources/features/FAQs/CreateFQAs.feature:31?[0m
2019-07-22 17:08:22 | INFO  | [Test worker] c.g.e.ScenarioContext:65 - *************************************
2019-07-22 17:08:22 | INFO  | [Test worker] c.g.e.ScenarioContext:66 -  Started Test Unsuccessful create a FAQ when the FAQ from have: Try to create a FAQ with aboveUpperLimit answer 
    ?[32mGiven ?[0m?[32mThe FAQ from with the data: code: ?[0m?[32m?[1maboveUpperLimit?[0m?[32m, answer: ?[0m?[32m?[1maboveUpperLimit?[0m?[32m, question: ?[0m?[32m?[1mExample06?[0m?[32m, link: ?[0m?[32m?[1mExample06?[0m ?[90m# FAQsSteps.faqFromData(String,String,String,String)?[0m
POST ----- Executed: - 
		Requested{
			url='/v1/faqs,
			headers=,
			body='{
					code='m0iv5lP2kXAps1Ku86oJKki6XTVXeuKA94zsI5S8IwnRljD1dLQ4IQdCAwjwAJlP4BXgGBcg0tOBZaxTLxoIVmX8ipAnA2w56zJl0RGaXIMpL8eKP3ydiRpsRFDNsvN4Mjnnw1xTRqWsFxBmKMp4cFvQOx9BuygbMO1ZHbd87ksFZBFcsqcAfASA84RzMSdX8VIHyW4tmH3mzFCfPCBl79V63KMMusliYZNLkCx4pKSMpotOIkatEJtaviWe9olMFI0Xisf0galW6pHGZadzkArZyIAojhKawC7JfJl8XWy9Q
					, answer='NHkNf3pIyFgHQ1DApokXSV7HzKa4wRsLjFMugauu7JlBmmuMHsziq3mJDbrAlK8lqB6x6G9MeGN5ktEBC6XQkO7b3FQ5hdyGpH1H4o9D7lvdJbQ0Ztb13fRu787Bih8xT1ji4Sy1a6D7djjUVJUprMWnPfhWVmnNKKCtE1WwfKYUNkaoU6n4tYVVISJbuIzrYZEclkn91fLOv42OdaWJWKjwl9Lj0PqdOJjRdLxSgNfjBBCfPxx3hjvijB3p1F2X
					, question='Example06
					, link='Example06
				},
		multipartTextBody=
		}
2019-07-22 17:08:22 | INFO  | [Test worker] c.g.b.c.RestAssuredClient:117 - Endpoint: https://carrefour3.free.beeceptor.com/v1/faqs
{
    "id": "validIdValue",
    "code": "validCodeValue",
    "answer": "validAnswerValue",
    "question": "validQuestionValue",
    "link": "validLinkValue"
}
2019-07-22 17:08:23 | INFO  | [Test worker] c.g.b.c.RestAssuredClient:121 - << Response body: "{
			    "id": "validIdValue",
			    "code": "validCodeValue",
			    "answer": "validAnswerValue",
			    "question": "validQuestionValue",
			    "link": "validLinkValue"
			}"
{
    "id": "validIdValue",
    "code": "validCodeValue",
    "answer": "validAnswerValue",
    "question": "validQuestionValue",
    "link": "validLinkValue"
}
POST -----  Respond: - 
	Respond{
			methodType=application/json
			requestHttpCode=200
			elapsedTime=1645
			headers=
				Date=Mon, 22 Jul 2019 15:08:23 GMT
				Content-Type=application/json
				Transfer-Encoding=chunked
				Connection=keep-alive
				Access-Control-Allow-Origin=*
				Vary=Accept-Encoding
			bodyContent='{
			    "id": "validIdValue",
			    "code": "validCodeValue",
			    "answer": "validAnswerValue",
			    "question": "validQuestionValue",
			    "link": "validLinkValue"
			}
		}
POST -- ElapsedTime: 1645
    ?[32mWhen ?[0m?[32mTry to create the new FAQ ?[0m?[32m?[1mrequestId-06?[0m                                                                            ?[90m# FAQsSteps.try_to_create_the_new_faq(String)?[0m
    ?[31mThen ?[0m?[31mThe ?[0m?[31m?[1mrequestId-06?[0m?[31m Http ?[0m?[31m?[1m503?[0m?[31m API code will be received in less than ?[0m?[31m?[1menvMaxTimeoutForRespond?[0m?[31m milliseconds?[0m             ?[90m# ApiCommonValidations.the_api_response_is(String,int,String)?[0m
      ?[31mjava.lang.AssertionError:  Bad Http Code - Received: 200 & Expected: 503 expected:<503> but was:<200>
	at org.junit.Assert.fail(Assert.java:88)
	at org.junit.Assert.failNotEquals(Assert.java:834)
	at org.junit.Assert.assertEquals(Assert.java:645)
	at com.gdt.bdd.stepDefinition.common.ApiCommonValidations.the_api_response_is(ApiCommonValidations.java:48)
	at ✽.The requestId-06 Http 503 API code will be received in less than envMaxTimeoutForRespond milliseconds(file:src/test/resources/features/FAQs/CreateFQAs.feature:21)
?[0m
    ?[36mAnd ?[0m?[36mThe api message error code will be ?[0m?[36m?[1m401?[0m                                                                             ?[90m# ApiCommonValidations.the_api_message_will_be(Integer)?[0m
2019-07-22 17:08:23 | INFO  | [Test worker] c.g.e.ScenarioContext:79 - scenario failed *************************************

  @SmokeTest @FQAs @CreateFQAs @CreateFQAsRestriction
  Scenario Outline: Unsuccessful create a FAQ when the FAQ from have: Try to create a FAQ without question     ?[90m# src/test/resources/features/FAQs/CreateFQAs.feature:32?[0m
2019-07-22 17:08:23 | INFO  | [Test worker] c.g.e.ScenarioContext:65 - *************************************
2019-07-22 17:08:23 | INFO  | [Test worker] c.g.e.ScenarioContext:66 -  Started Test Unsuccessful create a FAQ when the FAQ from have: Try to create a FAQ without question 
    ?[32mGiven ?[0m?[32mThe FAQ from with the data: code: ?[0m?[32m?[1mnotSet?[0m?[32m, answer: ?[0m?[32m?[1mExample07?[0m?[32m, question: ?[0m?[32m?[1mnotSet?[0m?[32m, link: ?[0m?[32m?[1mExample07?[0m       ?[90m# FAQsSteps.faqFromData(String,String,String,String)?[0m
POST ----- Executed: - 
		Requested{
			url='/v1/faqs,
			headers=,
			body='{
					code='null
					, answer='Example07
					, question='null
					, link='Example07
				},
		multipartTextBody=
		}
2019-07-22 17:08:23 | INFO  | [Test worker] c.g.b.c.RestAssuredClient:117 - Endpoint: https://carrefour3.free.beeceptor.com/v1/faqs
{
    "id": "validIdValue",
    "code": "validCodeValue",
    "answer": "validAnswerValue",
    "question": "validQuestionValue",
    "link": "validLinkValue"
}
2019-07-22 17:08:25 | INFO  | [Test worker] c.g.b.c.RestAssuredClient:121 - << Response body: "{
			    "id": "validIdValue",
			    "code": "validCodeValue",
			    "answer": "validAnswerValue",
			    "question": "validQuestionValue",
			    "link": "validLinkValue"
			}"
{
    "id": "validIdValue",
    "code": "validCodeValue",
    "answer": "validAnswerValue",
    "question": "validQuestionValue",
    "link": "validLinkValue"
}
POST -----  Respond: - 
	Respond{
			methodType=application/json
			requestHttpCode=200
			elapsedTime=1202
			headers=
				Date=Mon, 22 Jul 2019 15:08:25 GMT
				Content-Type=application/json
				Transfer-Encoding=chunked
				Connection=keep-alive
				Access-Control-Allow-Origin=*
				Vary=Accept-Encoding
			bodyContent='{
			    "id": "validIdValue",
			    "code": "validCodeValue",
			    "answer": "validAnswerValue",
			    "question": "validQuestionValue",
			    "link": "validLinkValue"
			}
		}
POST -- ElapsedTime: 1202
    ?[32mWhen ?[0m?[32mTry to create the new FAQ ?[0m?[32m?[1mrequestId-07?[0m                                                                ?[90m# FAQsSteps.try_to_create_the_new_faq(String)?[0m
    ?[31mThen ?[0m?[31mThe ?[0m?[31m?[1mrequestId-07?[0m?[31m Http ?[0m?[31m?[1m503?[0m?[31m API code will be received in less than ?[0m?[31m?[1menvMaxTimeoutForRespond?[0m?[31m milliseconds?[0m ?[90m# ApiCommonValidations.the_api_response_is(String,int,String)?[0m
      ?[31mjava.lang.AssertionError:  Bad Http Code - Received: 200 & Expected: 503 expected:<503> but was:<200>
	at org.junit.Assert.fail(Assert.java:88)
	at org.junit.Assert.failNotEquals(Assert.java:834)
	at org.junit.Assert.assertEquals(Assert.java:645)
	at com.gdt.bdd.stepDefinition.common.ApiCommonValidations.the_api_response_is(ApiCommonValidations.java:48)
	at ✽.The requestId-07 Http 503 API code will be received in less than envMaxTimeoutForRespond milliseconds(file:src/test/resources/features/FAQs/CreateFQAs.feature:21)
?[0m
    ?[36mAnd ?[0m?[36mThe api message error code will be ?[0m?[36m?[1m401?[0m                                                                 ?[90m# ApiCommonValidations.the_api_message_will_be(Integer)?[0m
2019-07-22 17:08:25 | INFO  | [Test worker] c.g.e.ScenarioContext:79 - scenario failed *************************************

  @SmokeTest @FQAs @CreateFQAs @CreateFQAsRestriction
  Scenario Outline: Unsuccessful create a FAQ when the FAQ from have: Try to create a FAQ with null question   ?[90m# src/test/resources/features/FAQs/CreateFQAs.feature:33?[0m
2019-07-22 17:08:25 | INFO  | [Test worker] c.g.e.ScenarioContext:65 - *************************************
2019-07-22 17:08:25 | INFO  | [Test worker] c.g.e.ScenarioContext:66 -  Started Test Unsuccessful create a FAQ when the FAQ from have: Try to create a FAQ with null question 
    ?[32mGiven ?[0m?[32mThe FAQ from with the data: code: ?[0m?[32m?[1mnullValue?[0m?[32m, answer: ?[0m?[32m?[1mExample08?[0m?[32m, question: ?[0m?[32m?[1mnullValue?[0m?[32m, link: ?[0m?[32m?[1mExample08?[0m ?[90m# FAQsSteps.faqFromData(String,String,String,String)?[0m
POST ----- Executed: - 
		Requested{
			url='/v1/faqs,
			headers=,
			body='{
					code='
					, answer='Example08
					, question='
					, link='Example08
				},
		multipartTextBody=
		}
2019-07-22 17:08:25 | INFO  | [Test worker] c.g.b.c.RestAssuredClient:117 - Endpoint: https://carrefour3.free.beeceptor.com/v1/faqs
{
    "id": "validIdValue",
    "code": "validCodeValue",
    "answer": "validAnswerValue",
    "question": "validQuestionValue",
    "link": "validLinkValue"
}
2019-07-22 17:08:26 | INFO  | [Test worker] c.g.b.c.RestAssuredClient:121 - << Response body: "{
			    "id": "validIdValue",
			    "code": "validCodeValue",
			    "answer": "validAnswerValue",
			    "question": "validQuestionValue",
			    "link": "validLinkValue"
			}"
{
    "id": "validIdValue",
    "code": "validCodeValue",
    "answer": "validAnswerValue",
    "question": "validQuestionValue",
    "link": "validLinkValue"
}
POST -----  Respond: - 
	Respond{
			methodType=application/json
			requestHttpCode=200
			elapsedTime=921
			headers=
				Date=Mon, 22 Jul 2019 15:08:26 GMT
				Content-Type=application/json
				Transfer-Encoding=chunked
				Connection=keep-alive
				Access-Control-Allow-Origin=*
				Vary=Accept-Encoding
			bodyContent='{
			    "id": "validIdValue",
			    "code": "validCodeValue",
			    "answer": "validAnswerValue",
			    "question": "validQuestionValue",
			    "link": "validLinkValue"
			}
		}
POST -- ElapsedTime: 921
    ?[32mWhen ?[0m?[32mTry to create the new FAQ ?[0m?[32m?[1mrequestId-08?[0m                                                                ?[90m# FAQsSteps.try_to_create_the_new_faq(String)?[0m
    ?[31mThen ?[0m?[31mThe ?[0m?[31m?[1mrequestId-08?[0m?[31m Http ?[0m?[31m?[1m503?[0m?[31m API code will be received in less than ?[0m?[31m?[1menvMaxTimeoutForRespond?[0m?[31m milliseconds?[0m ?[90m# ApiCommonValidations.the_api_response_is(String,int,String)?[0m
      ?[31mjava.lang.AssertionError:  Bad Http Code - Received: 200 & Expected: 503 expected:<503> but was:<200>
	at org.junit.Assert.fail(Assert.java:88)
	at org.junit.Assert.failNotEquals(Assert.java:834)
	at org.junit.Assert.assertEquals(Assert.java:645)
	at com.gdt.bdd.stepDefinition.common.ApiCommonValidations.the_api_response_is(ApiCommonValidations.java:48)
	at ✽.The requestId-08 Http 503 API code will be received in less than envMaxTimeoutForRespond milliseconds(file:src/test/resources/features/FAQs/CreateFQAs.feature:21)
?[0m
    ?[36mAnd ?[0m?[36mThe api message error code will be ?[0m?[36m?[1m401?[0m                                                                 ?[90m# ApiCommonValidations.the_api_message_will_be(Integer)?[0m
2019-07-22 17:08:26 | INFO  | [Test worker] c.g.e.ScenarioContext:79 - scenario failed *************************************

  @SmokeTest @FQAs @CreateFQAs @CreateFQAsRestriction
  Scenario Outline: Unsuccessful create a FAQ when the FAQ from have: Try to create a FAQ with aboveUpperLimit question    ?[90m# src/test/resources/features/FAQs/CreateFQAs.feature:34?[0m
2019-07-22 17:08:26 | INFO  | [Test worker] c.g.e.ScenarioContext:65 - *************************************
2019-07-22 17:08:26 | INFO  | [Test worker] c.g.e.ScenarioContext:66 -  Started Test Unsuccessful create a FAQ when the FAQ from have: Try to create a FAQ with aboveUpperLimit question 
    ?[32mGiven ?[0m?[32mThe FAQ from with the data: code: ?[0m?[32m?[1maboveUpperLimit?[0m?[32m, answer: ?[0m?[32m?[1mExample09?[0m?[32m, question: ?[0m?[32m?[1maboveUpperLimit?[0m?[32m, link: ?[0m?[32m?[1mExample09?[0m ?[90m# FAQsSteps.faqFromData(String,String,String,String)?[0m
POST ----- Executed: - 
		Requested{
			url='/v1/faqs,
			headers=,
			body='{
					code='jGDUK4sfX3e2zEpkapBb8eJZZ7YpCqrvRg3hMt40wzUDm6IqxRxK1jjen1mJdxkZuQCYeQLrQelWW5klKvoQiy4GGNQGGfWKw9Mmqu9anReqKwrVb1tjhU3Njmdjjixd3SpzXLz48TSJQrFj4ovECuZDzeTjD66bUE9KjPN7CVTKx9IzNX5fXuhMTanvKjea0KwfL2cwkjrrnQr3SZG4LlyKE2141bgxB02gua4fheI9m8QD3ehkaQEBLpDQYQ5n8RZl8VKqVqoahmddvGZJo1p1D8REbJyisQtzS44Vja9U3
					, answer='Example09
					, question='pGBXCpUDbbjt8oC1C5Or5zANqJtr4ujhuWaZpouIzj4POYqFW5EQ8wJ9UrJIIOdqnLN1w5YdAcVLgTd76hOmRIiYt6FgG8RLY7Nd0O8rpff4hI9DyNg8IxfsmjT5ytcisNO7iUACyqQVF9mfvTutvLOsqVgD1IKEIfuf2nRWS23dvQoN0MVuVyBHDTPuyyzr45vgROKb2pz5fK0EYjm9De6waW2wBGDTXsRqtf4XNo6WRB3GS62Grw6e8ASkbKO9
					, link='Example09
				},
		multipartTextBody=
		}
2019-07-22 17:08:26 | INFO  | [Test worker] c.g.b.c.RestAssuredClient:117 - Endpoint: https://carrefour3.free.beeceptor.com/v1/faqs
{
    "id": "validIdValue",
    "code": "validCodeValue",
    "answer": "validAnswerValue",
    "question": "validQuestionValue",
    "link": "validLinkValue"
}
2019-07-22 17:08:27 | INFO  | [Test worker] c.g.b.c.RestAssuredClient:121 - << Response body: "{
			    "id": "validIdValue",
			    "code": "validCodeValue",
			    "answer": "validAnswerValue",
			    "question": "validQuestionValue",
			    "link": "validLinkValue"
			}"
{
    "id": "validIdValue",
    "code": "validCodeValue",
    "answer": "validAnswerValue",
    "question": "validQuestionValue",
    "link": "validLinkValue"
}
POST -----  Respond: - 
	Respond{
			methodType=application/json
			requestHttpCode=200
			elapsedTime=935
			headers=
				Date=Mon, 22 Jul 2019 15:08:26 GMT
				Content-Type=application/json
				Transfer-Encoding=chunked
				Connection=keep-alive
				Access-Control-Allow-Origin=*
				Vary=Accept-Encoding
			bodyContent='{
			    "id": "validIdValue",
			    "code": "validCodeValue",
			    "answer": "validAnswerValue",
			    "question": "validQuestionValue",
			    "link": "validLinkValue"
			}
		}
POST -- ElapsedTime: 935
    ?[32mWhen ?[0m?[32mTry to create the new FAQ ?[0m?[32m?[1mrequestId-09?[0m                                                                            ?[90m# FAQsSteps.try_to_create_the_new_faq(String)?[0m
    ?[31mThen ?[0m?[31mThe ?[0m?[31m?[1mrequestId-09?[0m?[31m Http ?[0m?[31m?[1m503?[0m?[31m API code will be received in less than ?[0m?[31m?[1menvMaxTimeoutForRespond?[0m?[31m milliseconds?[0m             ?[90m# ApiCommonValidations.the_api_response_is(String,int,String)?[0m
      ?[31mjava.lang.AssertionError:  Bad Http Code - Received: 200 & Expected: 503 expected:<503> but was:<200>
	at org.junit.Assert.fail(Assert.java:88)
	at org.junit.Assert.failNotEquals(Assert.java:834)
	at org.junit.Assert.assertEquals(Assert.java:645)
	at com.gdt.bdd.stepDefinition.common.ApiCommonValidations.the_api_response_is(ApiCommonValidations.java:48)
	at ✽.The requestId-09 Http 503 API code will be received in less than envMaxTimeoutForRespond milliseconds(file:src/test/resources/features/FAQs/CreateFQAs.feature:21)
?[0m
    ?[36mAnd ?[0m?[36mThe api message error code will be ?[0m?[36m?[1m401?[0m                                                                             ?[90m# ApiCommonValidations.the_api_message_will_be(Integer)?[0m
2019-07-22 17:08:27 | INFO  | [Test worker] c.g.e.ScenarioContext:79 - scenario failed *************************************

  @SmokeTest @FQAs @CreateFQAs @CreateFQAsRestriction
  Scenario Outline: Unsuccessful create a FAQ when the FAQ from have: Try to create a FAQ without link         ?[90m# src/test/resources/features/FAQs/CreateFQAs.feature:35?[0m
2019-07-22 17:08:27 | INFO  | [Test worker] c.g.e.ScenarioContext:65 - *************************************
2019-07-22 17:08:27 | INFO  | [Test worker] c.g.e.ScenarioContext:66 -  Started Test Unsuccessful create a FAQ when the FAQ from have: Try to create a FAQ without link 
    ?[32mGiven ?[0m?[32mThe FAQ from with the data: code: ?[0m?[32m?[1mnotSet?[0m?[32m, answer: ?[0m?[32m?[1mExample10?[0m?[32m, question: ?[0m?[32m?[1mExample10?[0m?[32m, link: ?[0m?[32m?[1mnotSet?[0m       ?[90m# FAQsSteps.faqFromData(String,String,String,String)?[0m
POST ----- Executed: - 
		Requested{
			url='/v1/faqs,
			headers=,
			body='{
					code='null
					, answer='Example10
					, question='Example10
					, link='null
				},
		multipartTextBody=
		}
2019-07-22 17:08:27 | INFO  | [Test worker] c.g.b.c.RestAssuredClient:117 - Endpoint: https://carrefour3.free.beeceptor.com/v1/faqs
{
    "id": "validIdValue",
    "code": "validCodeValue",
    "answer": "validAnswerValue",
    "question": "validQuestionValue",
    "link": "validLinkValue"
}
2019-07-22 17:08:28 | INFO  | [Test worker] c.g.b.c.RestAssuredClient:121 - << Response body: "{
			    "id": "validIdValue",
			    "code": "validCodeValue",
			    "answer": "validAnswerValue",
			    "question": "validQuestionValue",
			    "link": "validLinkValue"
			}"
{
    "id": "validIdValue",
    "code": "validCodeValue",
    "answer": "validAnswerValue",
    "question": "validQuestionValue",
    "link": "validLinkValue"
}
POST -----  Respond: - 
	Respond{
			methodType=application/json
			requestHttpCode=200
			elapsedTime=933
			headers=
				Date=Mon, 22 Jul 2019 15:08:27 GMT
				Content-Type=application/json
				Transfer-Encoding=chunked
				Connection=keep-alive
				Access-Control-Allow-Origin=*
				Vary=Accept-Encoding
			bodyContent='{
			    "id": "validIdValue",
			    "code": "validCodeValue",
			    "answer": "validAnswerValue",
			    "question": "validQuestionValue",
			    "link": "validLinkValue"
			}
		}
POST -- ElapsedTime: 933
    ?[32mWhen ?[0m?[32mTry to create the new FAQ ?[0m?[32m?[1mrequestId-10?[0m                                                                ?[90m# FAQsSteps.try_to_create_the_new_faq(String)?[0m
    ?[31mThen ?[0m?[31mThe ?[0m?[31m?[1mrequestId-10?[0m?[31m Http ?[0m?[31m?[1m503?[0m?[31m API code will be received in less than ?[0m?[31m?[1menvMaxTimeoutForRespond?[0m?[31m milliseconds?[0m ?[90m# ApiCommonValidations.the_api_response_is(String,int,String)?[0m
      ?[31mjava.lang.AssertionError:  Bad Http Code - Received: 200 & Expected: 503 expected:<503> but was:<200>
	at org.junit.Assert.fail(Assert.java:88)
	at org.junit.Assert.failNotEquals(Assert.java:834)
	at org.junit.Assert.assertEquals(Assert.java:645)
	at com.gdt.bdd.stepDefinition.common.ApiCommonValidations.the_api_response_is(ApiCommonValidations.java:48)
	at ✽.The requestId-10 Http 503 API code will be received in less than envMaxTimeoutForRespond milliseconds(file:src/test/resources/features/FAQs/CreateFQAs.feature:21)
?[0m
    ?[36mAnd ?[0m?[36mThe api message error code will be ?[0m?[36m?[1m401?[0m                                                                 ?[90m# ApiCommonValidations.the_api_message_will_be(Integer)?[0m
2019-07-22 17:08:28 | INFO  | [Test worker] c.g.e.ScenarioContext:79 - scenario failed *************************************

  @SmokeTest @FQAs @CreateFQAs @CreateFQAsRestriction
  Scenario Outline: Unsuccessful create a FAQ when the FAQ from have: Try to create a FAQ with null link       ?[90m# src/test/resources/features/FAQs/CreateFQAs.feature:36?[0m
2019-07-22 17:08:28 | INFO  | [Test worker] c.g.e.ScenarioContext:65 - *************************************
2019-07-22 17:08:28 | INFO  | [Test worker] c.g.e.ScenarioContext:66 -  Started Test Unsuccessful create a FAQ when the FAQ from have: Try to create a FAQ with null link 
    ?[32mGiven ?[0m?[32mThe FAQ from with the data: code: ?[0m?[32m?[1mnullValue?[0m?[32m, answer: ?[0m?[32m?[1mExample11?[0m?[32m, question: ?[0m?[32m?[1mExample11?[0m?[32m, link: ?[0m?[32m?[1mnullValue?[0m ?[90m# FAQsSteps.faqFromData(String,String,String,String)?[0m
POST ----- Executed: - 
		Requested{
			url='/v1/faqs,
			headers=,
			body='{
					code='
					, answer='Example11
					, question='Example11
					, link='
				},
		multipartTextBody=
		}
2019-07-22 17:08:28 | INFO  | [Test worker] c.g.b.c.RestAssuredClient:117 - Endpoint: https://carrefour3.free.beeceptor.com/v1/faqs
{
    "id": "validIdValue",
    "code": "validCodeValue",
    "answer": "validAnswerValue",
    "question": "validQuestionValue",
    "link": "validLinkValue"
}
2019-07-22 17:08:29 | INFO  | [Test worker] c.g.b.c.RestAssuredClient:121 - << Response body: "{
			    "id": "validIdValue",
			    "code": "validCodeValue",
			    "answer": "validAnswerValue",
			    "question": "validQuestionValue",
			    "link": "validLinkValue"
			}"
{
    "id": "validIdValue",
    "code": "validCodeValue",
    "answer": "validAnswerValue",
    "question": "validQuestionValue",
    "link": "validLinkValue"
}
POST -----  Respond: - 
	Respond{
			methodType=application/json
			requestHttpCode=200
			elapsedTime=1604
			headers=
				Date=Mon, 22 Jul 2019 15:08:29 GMT
				Content-Type=application/json
				Transfer-Encoding=chunked
				Connection=keep-alive
				Access-Control-Allow-Origin=*
				Vary=Accept-Encoding
			bodyContent='{
			    "id": "validIdValue",
			    "code": "validCodeValue",
			    "answer": "validAnswerValue",
			    "question": "validQuestionValue",
			    "link": "validLinkValue"
			}
		}
POST -- ElapsedTime: 1604
    ?[32mWhen ?[0m?[32mTry to create the new FAQ ?[0m?[32m?[1mrequestId-11?[0m                                                                ?[90m# FAQsSteps.try_to_create_the_new_faq(String)?[0m
    ?[31mThen ?[0m?[31mThe ?[0m?[31m?[1mrequestId-11?[0m?[31m Http ?[0m?[31m?[1m503?[0m?[31m API code will be received in less than ?[0m?[31m?[1menvMaxTimeoutForRespond?[0m?[31m milliseconds?[0m ?[90m# ApiCommonValidations.the_api_response_is(String,int,String)?[0m
      ?[31mjava.lang.AssertionError:  Bad Http Code - Received: 200 & Expected: 503 expected:<503> but was:<200>
	at org.junit.Assert.fail(Assert.java:88)
	at org.junit.Assert.failNotEquals(Assert.java:834)
	at org.junit.Assert.assertEquals(Assert.java:645)
	at com.gdt.bdd.stepDefinition.common.ApiCommonValidations.the_api_response_is(ApiCommonValidations.java:48)
	at ✽.The requestId-11 Http 503 API code will be received in less than envMaxTimeoutForRespond milliseconds(file:src/test/resources/features/FAQs/CreateFQAs.feature:21)
?[0m
    ?[36mAnd ?[0m?[36mThe api message error code will be ?[0m?[36m?[1m401?[0m                                                                 ?[90m# ApiCommonValidations.the_api_message_will_be(Integer)?[0m
2019-07-22 17:08:29 | INFO  | [Test worker] c.g.e.ScenarioContext:79 - scenario failed *************************************

  @SmokeTest @FQAs @CreateFQAs @CreateFQAsRestriction
  Scenario Outline: Unsuccessful create a FAQ when the FAQ from have: Try to create a FAQ with aboveUpperLimit link        ?[90m# src/test/resources/features/FAQs/CreateFQAs.feature:37?[0m
2019-07-22 17:08:29 | INFO  | [Test worker] c.g.e.ScenarioContext:65 - *************************************
2019-07-22 17:08:29 | INFO  | [Test worker] c.g.e.ScenarioContext:66 -  Started Test Unsuccessful create a FAQ when the FAQ from have: Try to create a FAQ with aboveUpperLimit link 
    ?[32mGiven ?[0m?[32mThe FAQ from with the data: code: ?[0m?[32m?[1maboveUpperLimit?[0m?[32m, answer: ?[0m?[32m?[1mExample12?[0m?[32m, question: ?[0m?[32m?[1mExample12?[0m?[32m, link: ?[0m?[32m?[1maboveUpperLimit?[0m ?[90m# FAQsSteps.faqFromData(String,String,String,String)?[0m
POST ----- Executed: - 
		Requested{
			url='/v1/faqs,
			headers=,
			body='{
					code='wwbqL7Ub7nOSl2WCtGRZ75a0OhPEkBhoZFUX3enkx7YON52cMniNBBZWcE0Rv7u3s7yeeUwcr9bjMhVwWZBjkcbAkTB5YkVDrThDyGmEg6Tnp50FixOGlKR2tpxBqRweUjRiXUxEaFWlRslUOFZwZlZI1Z5uqFwBstIUHLXLMS9Fvl7QGJpzXmhtGtkEqbLMuJP93WPSyw54K5Ml1AzQgCh5C9rLlheZinnIB7laqAJ3ZpcEFs2FUdhgCbYfh0Bfqfqq9DLMFcSK43mNwQYEpsLREQSUATOaQQQbXd4Zqp5kF
					, answer='Example12
					, question='Example12
					, link='yLEwpaOMI1Ll5hvJD9SSYZi9xyEaG6G3L9pK0BWJtWYdJvcnBooet00JEtBAWp66MsGX5rKELpAef3UzGNjoZVntQSx24d9xFvB3i7FjZFAe9Wbl0eZJro1wqSNPyY7BT5GiKbv3oTsqtF5lc0cKYVHgWOlFfOJ0LYVTHT3HBnGJDga1ezYvcCvavkhrbPHIHbWH1SLqD6vVuCOWQSFAhCnPJBTmHmrZG9QmbBSAaHTRdzD9DaOGmM8cH49jqoczk9Np5yXH35vnDfA4M12c8lbTQtzwLR2nola6CdzpopawH
				},
		multipartTextBody=
		}
2019-07-22 17:08:29 | INFO  | [Test worker] c.g.b.c.RestAssuredClient:117 - Endpoint: https://carrefour3.free.beeceptor.com/v1/faqs
{
    "id": "validIdValue",
    "code": "validCodeValue",
    "answer": "validAnswerValue",
    "question": "validQuestionValue",
    "link": "validLinkValue"
}
2019-07-22 17:08:31 | INFO  | [Test worker] c.g.b.c.RestAssuredClient:121 - << Response body: "{
			    "id": "validIdValue",
			    "code": "validCodeValue",
			    "answer": "validAnswerValue",
			    "question": "validQuestionValue",
			    "link": "validLinkValue"
			}"
{
    "id": "validIdValue",
    "code": "validCodeValue",
    "answer": "validAnswerValue",
    "question": "validQuestionValue",
    "link": "validLinkValue"
}
POST -----  Respond: - 
	Respond{
			methodType=application/json
			requestHttpCode=200
			elapsedTime=1409
			headers=
				Date=Mon, 22 Jul 2019 15:08:30 GMT
				Content-Type=application/json
				Transfer-Encoding=chunked
				Connection=keep-alive
				Access-Control-Allow-Origin=*
				Vary=Accept-Encoding
			bodyContent='{
			    "id": "validIdValue",
			    "code": "validCodeValue",
			    "answer": "validAnswerValue",
			    "question": "validQuestionValue",
			    "link": "validLinkValue"
			}
		}
POST -- ElapsedTime: 1409
    ?[32mWhen ?[0m?[32mTry to create the new FAQ ?[0m?[32m?[1mrequestId-12?[0m                                                                            ?[90m# FAQsSteps.try_to_create_the_new_faq(String)?[0m
    ?[31mThen ?[0m?[31mThe ?[0m?[31m?[1mrequestId-12?[0m?[31m Http ?[0m?[31m?[1m503?[0m?[31m API code will be received in less than ?[0m?[31m?[1menvMaxTimeoutForRespond?[0m?[31m milliseconds?[0m             ?[90m# ApiCommonValidations.the_api_response_is(String,int,String)?[0m
      ?[31mjava.lang.AssertionError:  Bad Http Code - Received: 200 & Expected: 503 expected:<503> but was:<200>
	at org.junit.Assert.fail(Assert.java:88)
	at org.junit.Assert.failNotEquals(Assert.java:834)
	at org.junit.Assert.assertEquals(Assert.java:645)
	at com.gdt.bdd.stepDefinition.common.ApiCommonValidations.the_api_response_is(ApiCommonValidations.java:48)
	at ✽.The requestId-12 Http 503 API code will be received in less than envMaxTimeoutForRespond milliseconds(file:src/test/resources/features/FAQs/CreateFQAs.feature:21)
?[0m
    ?[36mAnd ?[0m?[36mThe api message error code will be ?[0m?[36m?[1m401?[0m                                                                             ?[90m# ApiCommonValidations.the_api_message_will_be(Integer)?[0m
2019-07-22 17:08:31 | INFO  | [Test worker] c.g.e.ScenarioContext:79 - scenario failed *************************************
]]></system-out>
  <system-err><![CDATA[]]></system-err>
</testsuite>
