<?xml version="1.0" encoding="UTF-8"?>
<testsuite name="Test Example" tests="1" skipped="0" failures="0" errors="0" timestamp="2019-07-14T16:42:54" hostname="dsolano" time="1.145">
  <properties/>
  <testcase name="doing a get" classname="Test Example" time="1.145"/>
  <system-out><![CDATA[@LoginFunctionality
Feature: Test Example

  @LoginFunctionality @Login01
  Scenario: doing a get     ?[90m# src/test/resources/features/featureFilesTest00.feature:6?[0m
2019-07-14 18:42:54 | INFO  | [Test worker] c.g.e.TestEnvironment:59 - *************************************
2019-07-14 18:42:54 | INFO  | [Test worker] c.g.e.TestEnvironment:60 -  Started Test doing a get 
2019-07-14 18:42:54 | DEBUG | [Test worker] c.g.b.c.BaseHttpClient:72 - SEND GET REQUEST: GET http://dummy.restapiexample.com/api/v1/employees HTTP/1.1
2019-07-14 18:42:55 | DEBUG | [Test worker] c.g.b.c.BaseHttpClient:74 - RESPONSE OF GET REQUEST: HttpResponseProxy{HTTP/1.1 200 OK [Date: Sun, 14 Jul 2019 16:42:55 GMT, Server: Apache, Expires: Thu, 19 Nov 1981 08:52:00 GMT, Cache-Control: no-store, no-cache, must-revalidate, Pragma: no-cache, Access-Control-Allow-Origin: *, Access-Control-Expose-Headers: Content-Type, X-Requested-With, X-authentication, X-client, Set-Cookie: PHPSESSID=174a67eea9e0e887b3c8b806969e3c4c; path=/, Upgrade: h2,h2c, Connection: Upgrade, Keep-Alive, Vary: Accept-Encoding, Referrer-Policy: , Keep-Alive: timeout=5, max=75, Content-Type: text/html; charset=UTF-8] org.apache.http.client.entity.DecompressingEntity@126a9d3}
Response body: [{"id":"12292","employee_name":"acd-42069-0.8246271987705551fdfsdffdsfsf","employee_salary":"42022","employee_age":"692","profile_image":""},{"id":"12293","employee_name":"acd-42069-0.6119430843276619","employee_salary":"420","employee_age":"69","profile_image":""},{"id":"12294","employee_name":"acd-42069-0.12006384209456389dsd","employee_salary":"420","employee_age":"69","profile_image":""},{"id":"12295","employee_name":"acd-42069-0.9731080608266662","employee_salary":"420","employee_age":"69","profile_image":""},{"id":"12296","employee_name":"acd-42069-0.22795968778017728xsdcdscdsc","employee_salary":"420","employee_age":"69","profile_image":""},{"id":"12297","employee_name":"acd-42069-0.49839839191079816","employee_salary":"420","employee_age":"69","profile_image":""},{"id":"12298","employee_name":"acd-42069-0.5356215092359615","employee_salary":"420","employee_age":"69","profile_image":""},{"id":"12299","employee_name":"acd-42069-0.0861920791694013","employee_salary":"420","employee_age":"69","profile_image":""},{"id":"12300","employee_name":"acd-42069-0.4960340121516005","employee_salary":"420","employee_age":"69","profile_image":""},{"id":"12301","employee_name":"acd-42069-0.2398994912075414","employee_salary":"420","employee_age":"69","profile_image":""},{"id":"12302","employee_name":"acd-42069-0.47753587070101755","employee_salary":"420","employee_age":"69","profile_image":""},{"id":"12303","employee_name":"xacha","employee_salary":"666","employee_age":"666","profile_image":""},{"id":"12304","employee_name":"acd-42069-0.7310073123610505","employee_salary":"420","employee_age":"69","profile_image":""},{"id":"12305","employee_name":"acd-42069-0.18765199592147108","employee_salary":"420","employee_age":"69","profile_image":""},{"id":"12306","employee_name":"acd-42069-0.4249608404366252","employee_salary":"420","employee_age":"69","profile_image":""},{"id":"12307","employee_name":"acd-42069-0.29843635650337674","employee_salary":"420","employee_age":"69","profile_image":""},{"id":"12308","employee_name":"acd-42069-0.2937063479843005","employee_salary":"420","employee_age":"69","profile_image":""},{"id":"12309","employee_name":"acd-42069-0.050349956243240124","employee_salary":"420","employee_age":"69","profile_image":""},{"id":"12310","employee_name":"acd-42069-0.9945663969571472","employee_salary":"420","employee_age":"69","profile_image":""},{"id":"12311","employee_name":"acd-42069-0.3131198994731861","employee_salary":"420","employee_age":"69","profile_image":""},{"id":"12312","employee_name":"acd-42069-0.46530650261641227","employee_salary":"420","employee_age":"69","profile_image":""},{"id":"12313","employee_name":"acd-42069-0.9043220793907305","employee_salary":"420","employee_age":"69","profile_image":""},{"id":"12314","employee_name":"SaurabhKj","employee_salary":"47","employee_age":"85268","profile_image":""},{"id":"12315","employee_name":"acd-42069-0.8197973740035345","employee_salary":"420","employee_age":"69","profile_image":""},{"id":"12316","employee_name":"acd-42069-0.27016215675470634","employee_salary":"420","employee_age":"69","profile_image":""},{"id":"12317","employee_name":"acd-42069-0.9297091341400534","employee_salary":"420","employee_age":"69","profile_image":""},{"id":"12326","employee_name":"DineshTest1","employee_salary":"123","employee_age":"25","profile_image":""},{"id":"12328","employee_name":"","employee_salary":"0","employee_age":"0","profile_image":""},{"id":"12329","employee_name":"Test3","employee_salary":"123","employee_age":"23","profile_image":""},{"id":"12330","employee_name":"Test4","employee_salary":"123","employee_age":"23","profile_image":""},{"id":"12331","employee_name":"Test5","employee_salary":"123","employee_age":"23","profile_image":""},{"id":"12332","employee_name":"Test6","employee_salary":"123","employee_age":"23","profile_image":""},{"id":"12333","employee_name":"Uxxxxt","employee_salary":"200000","employee_age":"28","profile_image":""},{"id":"12342","employee_name":"PPstit22","employee_salary":"12322","employee_age":"24","profile_image":""},{"id":"12345","employee_name":"Test7","employee_salary":"123","employee_age":"23","profile_image":""},{"id":"12346","employee_name":"Test8","employee_salary":"123","employee_age":"23","profile_image":""},{"id":"12351","employee_name":"Test10","employee_salary":"123","employee_age":"23","profile_image":""},{"id":"12370","employee_name":"Sathish_One","employee_salary":"20000","employee_age":"25","profile_image":""},{"id":"12371","employee_name":"SathishRUB","employee_salary":"35","employee_age":"2000","profile_image":""},{"id":"12376","employee_name":"testS1","employee_salary":"123","employee_age":"23","profile_image":""},{"id":"12378","employee_name":"SaurabhZQ","employee_salary":"87","employee_age":"7991","profile_image":""},{"id":"12379","employee_name":"SathishRAJ","employee_salary":"35","employee_age":"2000","profile_image":""},{"id":"12381","employee_name":"acd-42069-0.3288046222044183","employee_salary":"420","employee_age":"69","profile_image":""},{"id":"12383","employee_name":"acd-42069-0.012138282165440994","employee_salary":"420","employee_age":"69","profile_image":""},{"id":"12384","employee_name":"acd-42069-0.2817448780331191","employee_salary":"420","employee_age":"69","profile_image":""},{"id":"12385","employee_name":"acd-42069-0.2655839982076278","employee_salary":"420","employee_age":"69","profile_image":""},{"id":"12386","employee_name":"acd-42069-0.025624907438094313","employee_salary":"420","employee_age":"69","profile_image":""},{"id":"12387","employee_name":"acd-42069-0.4992964540793732","employee_salary":"420","employee_age":"69","profile_image":""},{"id":"12388","employee_name":"acd-42069-0.13908532977992238","employee_salary":"420","employee_age":"69","profile_image":""},{"id":"12389","employee_name":"acd-42069-0.07488634392105253","employee_salary":"420","employee_age":"69","profile_image":""},{"id":"12390","employee_name":"acd-42069-0.19968063510744227","employee_salary":"420","employee_age":"69","profile_image":""},{"id":"12391","employee_name":"acd-42069-0.5085777875554522","employee_salary":"420","employee_age":"69","profile_image":""},{"id":"12392","employee_name":"acd-42069-0.2182622583572127","employee_salary":"420","employee_age":"69","profile_image":""},{"id":"12393","employee_name":"acd-42069-0.010940554645105127","employee_salary":"420","employee_age":"69","profile_image":""},{"id":"12394","employee_name":"acd-42069-0.7742335736278991","employee_salary":"420","employee_age":"69","profile_image":""},{"id":"12395","employee_name":"acd-42069-0.33347434627622263","employee_salary":"420","employee_age":"69","profile_image":""},{"id":"12396","employee_name":"acd-42069-0.5152391297582892","employee_salary":"420","employee_age":"69","profile_image":""},{"id":"12397","employee_name":"acd-42069-0.7629294768660895","employee_salary":"420","employee_age":"69","profile_image":""},{"id":"12398","employee_name":"acd-42069-0.0010867421205380534","employee_salary":"420","employee_age":"69","profile_image":""},{"id":"12399","employee_name":"acd-42069-0.5983766441040166","employee_salary":"420","employee_age":"69","profile_image":""},{"id":"12400","employee_name":"acd-42069-0.6442243147241722","employee_salary":"420","employee_age":"69","profile_image":""},{"id":"12401","employee_name":"acd-42069-0.47384348722883396","employee_salary":"420","employee_age":"69","profile_image":""},{"id":"12402","employee_name":"acd-42069-0.93208410741376","employee_salary":"420","employee_age":"69","profile_image":""},{"id":"12403","employee_name":"acd-42069-0.705061809942858","employee_salary":"420","employee_age":"69","profile_image":""},{"id":"12404","employee_name":"acd-42069-0.166274599940462","employee_salary":"420","employee_age":"69","profile_image":""},{"id":"12405","employee_name":"acd-42069-0.7841892643754806","employee_salary":"420","employee_age":"69","profile_image":""},{"id":"12406","employee_name":"acd-42069-0.8967968261646557","employee_salary":"420","employee_age":"69","profile_image":""},{"id":"12407","employee_name":"acd-42069-0.596453036134174","employee_salary":"420","employee_age":"69","profile_image":""},{"id":"12408","employee_name":"acd-42069-0.2611588255454136","employee_salary":"420","employee_age":"69","profile_image":""},{"id":"12409","employee_name":"acd-42069-0.847801880992695","employee_salary":"420","employee_age":"69","profile_image":""},{"id":"12410","employee_name":"acd-42069-0.9002746928798493","employee_salary":"420","employee_age":"69","profile_image":""},{"id":"12411","employee_name":"acd-42069-0.4623373537193003","employee_salary":"420","employee_age":"69","profile_image":""},{"id":"12412","employee_name":"acd-42069-0.47857046803851655","employee_salary":"420","employee_age":"69","profile_image":""},{"id":"12413","employee_name":"acd-42069-0.009267398383218772","employee_salary":"420","employee_age":"69","profile_image":""},{"id":"12414","employee_name":"acd-42069-0.050011688875071236","employee_salary":"420","employee_age":"69","profile_image":""},{"id":"12415","employee_name":"acd-42069-0.18528549053176402","employee_salary":"420","employee_age":"69","profile_image":""},{"id":"12416","employee_name":"acd-42069-0.41901234206894644","employee_salary":"420","employee_age":"69","profile_image":""},{"id":"12417","employee_name":"acd-42069-0.6255537141384044","employee_salary":"420","employee_age":"69","profile_image":""},{"id":"12418","employee_name":"acd-42069-0.052794679778856546","employee_salary":"420","employee_age":"69","profile_image":""},{"id":"12419","employee_name":"acd-42069-0.44581767602599376","employee_salary":"420","employee_age":"69","profile_image":""},{"id":"12420","employee_name":"acd-42069-0.9351380545556525","employee_salary":"420","employee_age":"69","profile_image":""},{"id":"12421","employee_name":"acd-42069-0.5357369686257201","employee_salary":"420","employee_age":"69","profile_image":""},{"id":"12422","employee_name":"acd-42069-0.8377446756738292","employee_salary":"420","employee_age":"69","profile_image":""},{"id":"12423","employee_name":"acd-42069-0.7355360850276178","employee_salary":"420","employee_age":"69","profile_image":""},{"id":"12424","employee_name":"acd-42069-0.42377209955538997","employee_salary":"420","employee_age":"69","profile_image":""},{"id":"12425","employee_name":"acd-42069-0.47523232251291314","employee_salary":"420","employee_age":"69","profile_image":""},{"id":"12426","employee_name":"acd-42069-0.024312743884035593","employee_salary":"420","employee_age":"69","profile_image":""},{"id":"12427","employee_name":"acd-42069-0.8744486124677306","employee_salary":"420","employee_age":"69","profile_image":""},{"id":"12428","employee_name":"acd-42069-0.8606988218165246","employee_salary":"420","employee_age":"69","profile_image":""},{"id":"12429","employee_name":"acd-42069-0.09769309803860815","employee_salary":"420","employee_age":"69","profile_image":""},{"id":"12430","employee_name":"acd-42069-0.9675288437778344","employee_salary":"420","employee_age":"69","profile_image":""},{"id":"12431","employee_name":"cgholap","employee_salary":"12345","employee_age":"28","profile_image":""},{"id":"12432","employee_name":"acd-42069-0.5227511847143591","employee_salary":"420","employee_age":"69","profile_image":""},{"id":"12433","employee_name":"acd-42069-0.7325745266867847","employee_salary":"420","employee_age":"69","profile_image":""},{"id":"12434","employee_name":"acd-42069-0.5172422799239975","employee_salary":"420","employee_age":"69","profile_image":""},{"id":"12435","employee_name":"acd-42069-0.19684363041548392","employee_salary":"420","employee_age":"69","profile_image":""},{"id":"12436","employee_name":"Mike","employee_salary":"9999","employee_age":"26","profile_image":""},{"id":"12437","employee_name":"acd-42069-0.46219936105626513","employee_salary":"420","employee_age":"69","profile_image":""},{"id":"12438","employee_name":"acd-42069-0.4349240198777411","employee_salary":"420","employee_age":"69","profile_image":""},{"id":"12439","employee_name":"acd-42069-0.5889650060634695","employee_salary":"420","employee_age":"69","profile_image":""},{"id":"12440","employee_name":"SaurabhiM","employee_salary":"71","employee_age":"65367","profile_image":""},{"id":"12441","employee_name":"Uxxxxy","employee_salary":"200000","employee_age":"28","profile_image":""},{"id":"12442","employee_name":"SaurabhYn","employee_salary":"9","employee_age":"96735","profile_image":""},{"id":"12443","employee_name":"SathishRam","employee_salary":"35","employee_age":"2000","profile_image":""},{"id":"12444","employee_name":"Saurabhkb","employee_salary":"81","employee_age":"76805","profile_image":""},{"id":"12445","employee_name":"gamarjoba ra xdeba kaco","employee_salary":"564","employee_age":"666","profile_image":""},{"id":"12452","employee_name":"SathishR","employee_salary":"35","employee_age":"2000","profile_image":""},{"id":"12454","employee_name":"test5555","employee_salary":"0","employee_age":"0","profile_image":""},{"id":"12455","employee_name":"1","employee_salary":"0","employee_age":"0","profile_image":""},{"id":"12456","employee_name":"api_test_y","employee_salary":"777","employee_age":"23","profile_image":""},{"id":"12457","employee_name":"api_test_i_a_A_v_a_b_z","employee_salary":"124","employee_age":"23","profile_image":""},{"id":"12458","employee_name":"testiqweg","employee_salary":"123","employee_age":"23","profile_image":""},{"id":"12459","employee_name":"Adam","employee_salary":"123","employee_age":"230","profile_image":""},{"id":"12460","employee_name":"test1","employee_salary":"1123","employee_age":"23","profile_image":""},{"id":"12461","employee_name":"tomash","employee_salary":"0","employee_age":"18","profile_image":""},{"id":"12466","employee_name":"venkat","employee_salary":"35","employee_age":"2000","profile_image":""},{"id":"12468","employee_name":"davari","employee_salary":"123","employee_age":"23","profile_image":""},{"id":"12469","employee_name":"bbbbbbbbbbb","employee_salary":"123","employee_age":"23","profile_image":""},{"id":"12470","employee_name":"sri_1123","employee_salary":"123","employee_age":"23","profile_image":""},{"id":"12474","employee_name":"sramalinga31","employee_salary":"0","employee_age":"2000","profile_image":""},{"id":"12475","employee_name":"venkatTwo","employee_salary":"35","employee_age":"2000","profile_image":""},{"id":"12476","employee_name":"venkatThree","employee_salary":"35","employee_age":"2000","profile_image":""},{"id":"12480","employee_name":"Amit Negi111","employee_salary":"123456","employee_age":"44","profile_image":""},{"id":"12482","employee_name":"venkatFour","employee_salary":"35","employee_age":"2000","profile_image":""},{"id":"12483","employee_name":"venkatFive","employee_salary":"35","employee_age":"2000","profile_image":""},{"id":"12485","employee_name":"venkatSIX","employee_salary":"35","employee_age":"2000","profile_image":""},{"id":"12486","employee_name":"venkatSIX-819855889","employee_salary":"35","employee_age":"2000","profile_image":""},{"id":"12487","employee_name":"Sanjeewa","employee_salary":"130000","employee_age":"30","profile_image":""},{"id":"12488","employee_name":"venkat516900318","employee_salary":"35","employee_age":"2000","profile_image":""},{"id":"12494","employee_name":"test","employee_salary":"123","employee_age":"23","profile_image":""},{"id":"12501","employee_name":"alfa","employee_salary":"1000000","employee_age":"10","profile_image":""},{"id":"12504","employee_name":"Onur Deneme1","employee_salary":"260","employee_age":"26","profile_image":""},{"id":"12505","employee_name":"Sanjeewaya","employee_salary":"130000","employee_age":"30","profile_image":""},{"id":"12507","employee_name":"TestSivasai","employee_salary":"123","employee_age":"23","profile_image":""},{"id":"12509","employee_name":"TestSivasai1","employee_salary":"123","employee_age":"23","profile_image":""},{"id":"12510","employee_name":"George Russell","employee_salary":"1000000","employee_age":"10","profile_image":""},{"id":"12511","employee_name":"Kean Russell","employee_salary":"10000","employee_age":"25","profile_image":""},{"id":"12513","employee_name":"TestSivasai12","employee_salary":"123","employee_age":"23","profile_image":""},{"id":"12515","employee_name":"Lewis Hamilton","employee_salary":"10000000","employee_age":"26","profile_image":""},{"id":"12517","employee_name":"Valtteri Bottas","employee_salary":"25","employee_age":"26","profile_image":""},{"id":"12520","employee_name":"TestSivasai123","employee_salary":"123","employee_age":"23","profile_image":""},{"id":"12521","employee_name":"TestSivasai14","employee_salary":"123","employee_age":"23","profile_image":""},{"id":"12522","employee_name":"Sanjeewai","employee_salary":"130000","employee_age":"30","profile_image":""},{"id":"12524","employee_name":"Sanjeewap","employee_salary":"130000","employee_age":"30","profile_image":""},{"id":"12528","employee_name":"Sanjeewapp","employee_salary":"130000","employee_age":"30","profile_image":""},{"id":"12529","employee_name":"TestSivasai156","employee_salary":"123","employee_age":"23","profile_image":""},{"id":"12530","employee_name":"TestSivasai1567","employee_salary":"123","employee_age":"23","profile_image":""},{"id":"12531","employee_name":"TestSivasai1568","employee_salary":"123","employee_age":"23","profile_image":""},{"id":"12532","employee_name":"Testsivasai123456","employee_salary":"0","employee_age":"0","profile_image":""},{"id":"12533","employee_name":"Sanjeewapa","employee_salary":"130000","employee_age":"30","profile_image":""},{"id":"12534","employee_name":"Max Verstappen","employee_salary":"5000000","employee_age":"27","profile_image":""},{"id":"12536","employee_name":"Vnesi ime in priimek ...","employee_salary":"1000000","employee_age":"10","profile_image":""},{"id":"12538","employee_name":"Pierre Gasly","employee_salary":"9000","employee_age":"29","profile_image":""},{"id":"12540","employee_name":"Sanjeewaps","employee_salary":"130000","employee_age":"30","profile_image":""},{"id":"12541","employee_name":"raja","employee_salary":"40000","employee_age":"11","profile_image":""},{"id":"12542","employee_name":"Sanjeewapd","employee_salary":"130000","employee_age":"30","profile_image":""},{"id":"12544","employee_name":"Ottika","employee_salary":"95000000","employee_age":"30","profile_image":""},{"id":"12545","employee_name":"Sanjeewapf","employee_salary":"130000","employee_age":"30","profile_image":""},{"id":"12547","employee_name":"Mattia Binotto","employee_salary":"2500000","employee_age":"31","profile_image":""},{"id":"12548","employee_name":"Chuck Norris","employee_salary":"6700","employee_age":"32","profile_image":""},{"id":"12550","employee_name":"Albon","employee_salary":"10000","employee_age":"33","profile_image":""},{"id":"12552","employee_name":"Sanjeewapg","employee_salary":"130000","employee_age":"30","profile_image":""},{"id":"12553","employee_name":"Sanjeewaph","employee_salary":"130000","employee_age":"30","profile_image":""},{"id":"12554","employee_name":"Beckette","employee_salary":"500000","employee_age":"35","profile_image":""},{"id":"12556","employee_name":"harsh","employee_salary":"565455","employee_age":"65","profile_image":""},{"id":"12566","employee_name":"tomas","employee_salary":"123","employee_age":"0","profile_image":""},{"id":"12568","employee_name":"y","employee_salary":"133","employee_age":"12","profile_image":""},{"id":"12577","employee_name":"diego","employee_salary":"234","employee_age":"33","profile_image":""},{"id":"12578","employee_name":"Gainsboro","employee_salary":"1000000","employee_age":"10","profile_image":""},{"id":"12581","employee_name":"aixa","employee_salary":"12300","employee_age":"22","profile_image":""},{"id":"12583","employee_name":"Ivanna","employee_salary":"25000","employee_age":"23","profile_image":""},{"id":"12585","employee_name":"Moj","employee_salary":"1000000","employee_age":"10","profile_image":""},{"id":"12587","employee_name":"Z mano","employee_salary":"1000000","employee_age":"10","profile_image":""},{"id":"12596","employee_name":"Ravikumar","employee_salary":"33000","employee_age":"25","profile_image":""},{"id":"12607","employee_name":"test26","employee_salary":"123","employee_age":"23","profile_image":""},{"id":"12609","employee_name":"test27","employee_salary":"123","employee_age":"23","profile_image":""},{"id":"12612","employee_name":"test28","employee_salary":"123","employee_age":"23","profile_image":""},{"id":"12613","employee_name":"Ethan","employee_salary":"1200","employee_age":"20","profile_image":""},{"id":"12619","employee_name":"Whateverrrrr","employee_salary":"1200","employee_age":"20","profile_image":""},{"id":"12626","employee_name":"Ethan111","employee_salary":"420","employee_age":"20","profile_image":""},{"id":"12627","employee_name":"Moheeit","employee_salary":"70000","employee_age":"29","profile_image":""},{"id":"12630","employee_name":"I love Tanja","employee_salary":"1000000","employee_age":"10","profile_image":""},{"id":"12631","employee_name":"uwu","employee_salary":"331","employee_age":"82","profile_image":""},{"id":"12634","employee_name":"Maria Sharapova","employee_salary":"275000","employee_age":"30","profile_image":""},{"id":"12636","employee_name":"pranit","employee_salary":"100000","employee_age":"23","profile_image":""},{"id":"12637","employee_name":"Tanja","employee_salary":"2147483647","employee_age":"19","profile_image":""},{"id":"12643","employee_name":"pranita","employee_salary":"10000","employee_age":"23","profile_image":""},{"id":"12646","employee_name":"dream world","employee_salary":"10000","employee_age":"25","profile_image":""},{"id":"12647","employee_name":"dream worlds","employee_salary":"10000","employee_age":"0","profile_image":""},{"id":"12649","employee_name":"test_2342","employee_salary":"123","employee_age":"23","profile_image":""},{"id":"12652","employee_name":"Demo","employee_salary":"123","employee_age":"23","profile_image":""},{"id":"12653","employee_name":"dxkgatwebd","employee_salary":"123","employee_age":"23","profile_image":""},{"id":"12654","employee_name":"rscubgjmhg","employee_salary":"123","employee_age":"23","profile_image":""},{"id":"12655","employee_name":"gwsdoepipq","employee_salary":"123","employee_age":"23","profile_image":""},{"id":"12658","employee_name":"Jack","employee_salary":"123","employee_age":"23","profile_image":""},{"id":"12676","employee_name":"bdwkbzvntz","employee_salary":"1123","employee_age":"23","profile_image":""},{"id":"12677","employee_name":"mztuycmxsy","employee_salary":"1123","employee_age":"23","profile_image":""},{"id":"12680","employee_name":"fcgfgh","employee_salary":"10","employee_age":"11","profile_image":""},{"id":"12689","employee_name":"SaurabhmH","employee_salary":"23","employee_age":"6845","profile_image":""},{"id":"12699","employee_name":"SaurabhjM","employee_salary":"84","employee_age":"47719","profile_image":""},{"id":"12700","employee_name":"SaurabhDB","employee_salary":"36","employee_age":"20539","profile_image":""},{"id":"12736","employee_name":"Test30","employee_salary":"1000000","employee_age":"50","profile_image":""},{"id":"12738","employee_name":"Luda Od Tebe","employee_salary":"5000","employee_age":"20","profile_image":""},{"id":"12740","employee_name":"Fahad","employee_salary":"5000","employee_age":"11","profile_image":""},{"id":"12742","employee_name":"Abdul","employee_salary":"3800","employee_age":"9","profile_image":""},{"id":"12751","employee_name":"Razaq","employee_salary":"4400","employee_age":"8","profile_image":""},{"id":"12760","employee_name":"Adnan","employee_salary":"250","employee_age":"74","profile_image":""},{"id":"12764","employee_name":"Ahmed","employee_salary":"60000","employee_age":"30","profile_image":""},{"id":"12765","employee_name":"Jose Mari","employee_salary":"4000","employee_age":"20","profile_image":""},{"id":"12768","employee_name":"Christian Ziege","employee_salary":"40000","employee_age":"20","profile_image":""},{"id":"12769","employee_name":"Thomas Helveg","employee_salary":"60000","employee_age":"20","profile_image":""},{"id":"12770","employee_name":"Massimo Ambrosini","employee_salary":"75000","employee_age":"85","profile_image":""},{"id":"12771","employee_name":"Federico Giunti","employee_salary":"87500","employee_age":"20","profile_image":""},{"id":"12773","employee_name":"Sammy","employee_salary":"200000","employee_age":"27","profile_image":""},{"id":"12777","employee_name":"Jitu","employee_salary":"1200","employee_age":"23","profile_image":""},{"id":"12778","employee_name":"JituK","employee_salary":"1500","employee_age":"23","profile_image":""},{"id":"12779","employee_name":"JituG","employee_salary":"1550","employee_age":"28","profile_image":""},{"id":"12784","employee_name":"ali akay","employee_salary":"123","employee_age":"23","profile_image":""},{"id":"12785","employee_name":"Jiten","employee_salary":"12000","employee_age":"24","profile_image":""},{"id":"12786","employee_name":"JitenK","employee_salary":"1500","employee_age":"25","profile_image":""},{"id":"12787","employee_name":"JitenG","employee_salary":"1550","employee_age":"27","profile_image":""},{"id":"12790","employee_name":"JitenL","employee_salary":"1550","employee_age":"27","profile_image":""},{"id":"12791","employee_name":"ali akay1","employee_salary":"252","employee_age":"20","profile_image":""},{"id":"12792","employee_name":"JituAB","employee_salary":"12000","employee_age":"24","profile_image":""},{"id":"12793","employee_name":"JituBC","employee_salary":"1500","employee_age":"25","profile_image":""},{"id":"12794","employee_name":"JituCD","employee_salary":"1550","employee_age":"27","profile_image":""},{"id":"12804","employee_name":"asd","employee_salary":"123","employee_age":"23","profile_image":""},{"id":"12805","employee_name":"Test2","employee_salary":"23000","employee_age":"12","profile_image":""},{"id":"12807","employee_name":"qwert333333","employee_salary":"34","employee_age":"4","profile_image":""},{"id":"12809","employee_name":"anna","employee_salary":"12000","employee_age":"12","profile_image":""},{"id":"12812","employee_name":"tester2222","employee_salary":"123000","employee_age":"12","profile_image":""},{"id":"12813","employee_name":"annatests2222","employee_salary":"12000","employee_age":"12","profile_image":""},{"id":"12814","employee_name":"8858","employee_salary":"55","employee_age":"55","profile_image":""},{"id":"12815","employee_name":"aadasvd","employee_salary":"1000000","employee_age":"12","profile_image":""},{"id":"12819","employee_name":"dgausdg","employee_salary":"1233","employee_age":"12","profile_image":""},{"id":"12821","employee_name":"dfyfdayud","employee_salary":"12999","employee_age":"12","profile_image":""},{"id":"12823","employee_name":"dadasdadad","employee_salary":"2165","employee_age":"123","profile_image":""},{"id":"12825","employee_name":"hdhaudha","employee_salary":"1222","employee_age":"12","profile_image":""},{"id":"12827","employee_name":"udsaduasdb","employee_salary":"12000","employee_age":"12","profile_image":""},{"id":"12828","employee_name":"udsaduasdbsdasd","employee_salary":"12000","employee_age":"12","profile_image":""},{"id":"12831","employee_name":"tesrtretertt","employee_salary":"123","employee_age":"53","profile_image":""},{"id":"12835","employee_name":"??? ??? ???????","employee_salary":"0","employee_age":"0","profile_image":""},{"id":"12863","employee_name":"test0.82f7a1852bd97","employee_salary":"123","employee_age":"77","profile_image":""},{"id":"12864","employee_name":"Hoang 636986509520170238","employee_salary":"500","employee_age":"28","profile_image":""},{"id":"12865","employee_name":"test0.07da7226d5d5d","employee_salary":"123","employee_age":"77","profile_image":""},{"id":"12866","employee_name":"test0.1588377570ce7","employee_salary":"123","employee_age":"77","profile_image":""},{"id":"12867","employee_name":"Anri","employee_salary":"8888","employee_age":"888","profile_image":""},{"id":"12870","employee_name":"test0.20ca6a71acf5","employee_salary":"123","employee_age":"77","profile_image":""},{"id":"12875","employee_name":"test0.cb7c819e75238","employee_salary":"123","employee_age":"77","profile_image":""},{"id":"12913","employee_name":"aaaa","employee_salary":"34","employee_age":"34","profile_image":""},{"id":"12914","employee_name":"aaa","employee_salary":"34","employee_age":"34","profile_image":""},{"id":"12919","employee_name":"test123","employee_salary":"123","employee_age":"23","profile_image":""},{"id":"12924","employee_name":"tfefewest","employee_salary":"123","employee_age":"23","profile_image":""},{"id":"12927","employee_name":"a12","employee_salary":"12","employee_age":"12","profile_image":""},{"id":"12928","employee_name":"Hello World!","employee_salary":"10000","employee_age":"28","profile_image":""},{"id":"12931","employee_name":"karaikal","employee_salary":"123","employee_age":"23","profile_image":""},{"id":"12941","employee_name":"sf319","employee_salary":"123","employee_age":"23","profile_image":""},{"id":"12951","employee_name":"DBI-211845791","employee_salary":"100","employee_age":"123","profile_image":""},{"id":"12952","employee_name":"DBI719101010","employee_salary":"100","employee_age":"123","profile_image":""},{"id":"12958","employee_name":"testEEEEEE","employee_salary":"123","employee_age":"23","profile_image":""},{"id":"12965","employee_name":"Quang Vo","employee_salary":"123","employee_age":"23","profile_image":""},{"id":"12967","employee_name":"Quang Vo1","employee_salary":"1200","employee_age":"23","profile_image":""},{"id":"12968","employee_name":"Quang Vo2","employee_salary":"1200","employee_age":"23","profile_image":""},{"id":"12969","employee_name":"DBI1534227729","employee_salary":"100","employee_age":"123","profile_image":""},{"id":"12970","employee_name":"DBI1964559767","employee_salary":"100","employee_age":"123","profile_image":""},{"id":"12971","employee_name":"Quang Vo3","employee_salary":"1200","employee_age":"23","profile_image":""},{"id":"12973","employee_name":"Quang Vo4","employee_salary":"1200","employee_age":"23","profile_image":""},{"id":"12975","employee_name":"Quang Vo5","employee_salary":"1200","employee_age":"23","profile_image":""},{"id":"12979","employee_name":"Quang Vo6","employee_salary":"123","employee_age":"23","profile_image":""},{"id":"12980","employee_name":"Quang Vo7","employee_salary":"1200","employee_age":"23","profile_image":""},{"id":"12982","employee_name":"Quang Vo8","employee_salary":"1200","employee_age":"23","profile_image":""},{"id":"12983","employee_name":"Quang Vo9","employee_salary":"1200","employee_age":"23","profile_image":""},{"id":"12984","employee_name":"Quang Vo10","employee_salary":"1200","employee_age":"23","profile_image":""},{"id":"12985","employee_name":"testCheckNew","employee_salary":"7891","employee_age":"21","profile_image":""},{"id":"12986","employee_name":"testCheckNewHello","employee_salary":"7891","employee_age":"21","profile_image":""},{"id":"12990","employee_name":"NewRecord","employee_salary":"7891","employee_age":"21","profile_image":""},{"id":"12991","employee_name":"NewRecord1","employee_salary":"7891","employee_age":"21","profile_image":""},{"id":"13009","employee_name":"Sanjeewapj","employee_salary":"130000","employee_age":"30","profile_image":""},{"id":"13012","employee_name":"testadadadadadasdwerwerwer","employee_salary":"123","employee_age":"23","profile_image":""},{"id":"13013","employee_name":"testye","employee_salary":"1233","employee_age":"23","profile_image":""},{"id":"13016","employee_name":"testadadadadadasdwerwerwefefefr","employee_salary":"123","employee_age":"23","profile_image":""},{"id":"13019","employee_name":"car","employee_salary":"123","employee_age":"23","profile_image":""},{"id":"13030","employee_name":"Sanjeewapk","employee_salary":"130000","employee_age":"30","profile_image":""},{"id":"13034","employee_name":"testprad1","employee_salary":"123","employee_age":"23","profile_image":""},{"id":"13041","employee_name":"Hoang 636986829844149066","employee_salary":"1000","employee_age":"28","profile_image":""},{"id":"13049","employee_name":"NewRecord12345","employee_salary":"7891","employee_age":"21","profile_image":""},{"id":"13050","employee_name":"Satish","employee_salary":"7891","employee_age":"21","profile_image":""},{"id":"13058","employee_name":"1NewRecord22345","employee_salary":"788112","employee_age":"63","profile_image":""},{"id":"13060","employee_name":"tttttttt","employee_salary":"7891","employee_age":"21","profile_image":""},{"id":"13071","employee_name":"Record12699","employee_salary":"21200","employee_age":"21","profile_image":""},{"id":"13072","employee_name":"NewRecord13456","employee_salary":"7891","employee_age":"21","profile_image":""},{"id":"13073","employee_name":"test0.b5005b712151e","employee_salary":"123","employee_age":"77","profile_image":""},{"id":"13074","employee_name":"test0.5fbaf643b8c9d","employee_salary":"123","employee_age":"77","profile_image":""},{"id":"13075","employee_name":"test0.5d00384fdf6d1","employee_salary":"123","employee_age":"77","profile_image":""},{"id":"13079","employee_name":"test0.efc19eb566669","employee_salary":"123","employee_age":"77","profile_image":""},{"id":"13080","employee_name":"test0.1bf259aadd628","employee_salary":"123","employee_age":"77","profile_image":""},{"id":"13081","employee_name":"test0.58cbfa78493ae","employee_salary":"123","employee_age":"77","profile_image":""},{"id":"13082","employee_name":"test0.2430d147999d1","employee_salary":"123","employee_age":"77","profile_image":""},{"id":"13083","employee_name":"test0.98e9451a42701","employee_salary":"123","employee_age":"77","profile_image":""},{"id":"13084","employee_name":"test0.c28bf1537cbae","employee_salary":"123","employee_age":"77","profile_image":""},{"id":"13085","employee_name":"test0.48f1f8f652cf3","employee_salary":"123","employee_age":"77","profile_image":""},{"id":"13086","employee_name":"test0.22bc9cc92c9ba","employee_salary":"123","employee_age":"77","profile_image":""},{"id":"13087","employee_name":"test0.760d9f5dff748","employee_salary":"123","employee_age":"77","profile_image":""},{"id":"13088","employee_name":"test0.db809f60232e7","employee_salary":"123","employee_age":"77","profile_image":""},{"id":"13091","employee_name":"test0.637c6c7dd7ac6","employee_salary":"123","employee_age":"77","profile_image":""},{"id":"13092","employee_name":"test0.6eab33e4ebbb5","employee_salary":"123","employee_age":"77","profile_image":""},{"id":"13093","employee_name":"test0.575a3d7a74796","employee_salary":"123","employee_age":"77","profile_image":""},{"id":"13096","employee_name":"Chaitanya","employee_salary":"123","employee_age":"23","profile_image":""},{"id":"13098","employee_name":"Amit","employee_salary":"450000","employee_age":"34","profile_image":""},{"id":"13099","employee_name":"Steven","employee_salary":"1234","employee_age":"28","profile_image":""},{"id":"13100","employee_name":"johnW","employee_salary":"75713","employee_age":"13245","profile_image":""},{"id":"13101","employee_name":"johnP","employee_salary":"29639","employee_age":"54490","profile_image":""},{"id":"13102","employee_name":"rajaL","employee_salary":"2147483647","employee_age":"2147483647","profile_image":""},{"id":"13103","employee_name":"pppn","employee_salary":"2147483647","employee_age":"2147483647","profile_image":""},{"id":"13104","employee_name":"Radha","employee_salary":"90000","employee_age":"19","profile_image":""},{"id":"13108","employee_name":"sadsad","employee_salary":"4564","employee_age":"25","profile_image":""},{"id":"13109","employee_name":"test0.962068bf8272e","employee_salary":"123","employee_age":"77","profile_image":""},{"id":"13113","employee_name":"Dharm","employee_salary":"3000","employee_age":"54","profile_image":""},{"id":"13114","employee_name":"test0.02cd221e30546","employee_salary":"123","employee_age":"77","profile_image":""},{"id":"13115","employee_name":"maja","employee_salary":"40000","employee_age":"11","profile_image":""},{"id":"13116","employee_name":"test0.035bf245ac098","employee_salary":"123","employee_age":"77","profile_image":""},{"id":"13117","employee_name":"asdasdasd","employee_salary":"12000","employee_age":"25","profile_image":""},{"id":"13119","employee_name":"Sagar","employee_salary":"1500","employee_age":"26","profile_image":""},{"id":"13120","employee_name":"test0.d6812d8c6a538","employee_salary":"123","employee_age":"77","profile_image":""},{"id":"13122","employee_name":"test0.a286e2611d3dd","employee_salary":"123","employee_age":"77","profile_image":""},{"id":"13123","employee_name":"krishna","employee_salary":"90000","employee_age":"19","profile_image":""},{"id":"13124","employee_name":"radhakrishna","employee_salary":"90000","employee_age":"19","profile_image":""},{"id":"13127","employee_name":"radhakrishn","employee_salary":"90000","employee_age":"19","profile_image":""},{"id":"13143","employee_name":"JituAJK","employee_salary":"16000","employee_age":"27","profile_image":""},{"id":"13144","employee_name":"JituABK","employee_salary":"13000","employee_age":"28","profile_image":""},{"id":"13145","employee_name":"JituACK","employee_salary":"14900","employee_age":"25","profile_image":""},{"id":"13146","employee_name":"JituADK","employee_salary":"15200","employee_age":"26","profile_image":""},{"id":"13147","employee_name":"JituAEK","employee_salary":"15990","employee_age":"32","profile_image":""},{"id":"13148","employee_name":"JituAFK","employee_salary":"19000","employee_age":"34","profile_image":""},{"id":"13149","employee_name":"Harish Sutar","employee_salary":"15000","employee_age":"26","profile_image":""},{"id":"13150","employee_name":"test0.f2d5c77134111","employee_salary":"123","employee_age":"77","profile_image":""},{"id":"13154","employee_name":"test0.d93fe9415e5c2","employee_salary":"123","employee_age":"77","profile_image":""},{"id":"13155","employee_name":"NitinSingh","employee_salary":"14563","employee_age":"23","profile_image":""},{"id":"13198","employee_name":"TestName","employee_salary":"200","employee_age":"12","profile_image":""},{"id":"13217","employee_name":"MEGHA","employee_salary":"222222","employee_age":"2213","profile_image":""},{"id":"13218","employee_name":"testtj","employee_salary":"1001","employee_age":"23","profile_image":""},{"id":"13219","employee_name":"<h1>tete<\/h1>","employee_salary":"1001","employee_age":"23","profile_image":""},{"id":"13220","employee_name":"<h1>testing<\/h1>","employee_salary":"1001","employee_age":"23","profile_image":""},{"id":"13231","employee_name":"Hoang 636986945825504375","employee_salary":"500","employee_age":"28","profile_image":""},{"id":"13282","employee_name":"12","employee_salary":"34","employee_age":"56","profile_image":""},{"id":"13323","employee_name":"testfg55","employee_salary":"123","employee_age":"23","profile_image":""},{"id":"13332","employee_name":"TestName1","employee_salary":"200","employee_age":"12","profile_image":""},{"id":"13335","employee_name":"Aparana11","employee_salary":"123","employee_age":"23","profile_image":""},{"id":"13338","employee_name":"TestName2","employee_salary":"200","employee_age":"12","profile_image":""},{"id":"13341","employee_name":"TestName3","employee_salary":"200","employee_age":"12","profile_image":""},{"id":"13342","employee_name":"abhiiiii","employee_salary":"123","employee_age":"23","profile_image":""},{"id":"13350","employee_name":"JituAJL","employee_salary":"13000","employee_age":"34","profile_image":""},{"id":"13351","employee_name":"JituABL","employee_salary":"14900","employee_age":"27","profile_image":""},{"id":"13352","employee_name":"JituACL","employee_salary":"15200","employee_age":"28","profile_image":""},{"id":"13353","employee_name":"JituADL","employee_salary":"15990","employee_age":"25","profile_image":""},{"id":"13354","employee_name":"JituAEL","employee_salary":"19000","employee_age":"26","profile_image":""},{"id":"13355","employee_name":"JituAFL","employee_salary":"16000","employee_age":"32","profile_image":""},{"id":"13356","employee_name":"test0.e7586ae105b7b","employee_salary":"123","employee_age":"77","profile_image":""},{"id":"13357","employee_name":"Testis","employee_salary":"100","employee_age":"23","profile_image":""},{"id":"13361","employee_name":"Testistest","employee_salary":"100","employee_age":"23","profile_image":""},{"id":"13364","employee_name":"Testistest12","employee_salary":"100","employee_age":"23","profile_image":""},{"id":"13369","employee_name":"Testistest132","employee_salary":"100","employee_age":"23","profile_image":""},{"id":"13370","employee_name":"nasd","employee_salary":"100","employee_age":"23","profile_image":""},{"id":"13372","employee_name":"teswe","employee_salary":"100","employee_age":"23","profile_image":""},{"id":"13376","employee_name":"test123464815","employee_salary":"123","employee_age":"23","profile_image":""},{"id":"13377","employee_name":"test0.9bfeea44ecbd1","employee_salary":"123","employee_age":"77","profile_image":""},{"id":"13378","employee_name":"poSTest","employee_salary":"100","employee_age":"23","profile_image":""},{"id":"13379","employee_name":"poSTest1","employee_salary":"100","employee_age":"23","profile_image":""},{"id":"13382","employee_name":"poSTest12","employee_salary":"100","employee_age":"23","profile_image":""},{"id":"13384","employee_name":"poSTest123","employee_salary":"100","employee_age":"23","profile_image":""},{"id":"13385","employee_name":"Ion","employee_salary":"25","employee_age":"1500","profile_image":""},{"id":"13386","employee_name":"hiteshahuja","employee_salary":"20000","employee_age":"22","profile_image":""},{"id":"13387","employee_name":"poSTest0","employee_salary":"100","employee_age":"23","profile_image":""},{"id":"13388","employee_name":"poSTest01","employee_salary":"100","employee_age":"23","profile_image":""},{"id":"13389","employee_name":"poSTest011","employee_salary":"100","employee_age":"23","profile_image":""},{"id":"13390","employee_name":"Ion1","employee_salary":"25","employee_age":"1500","profile_image":""},{"id":"13391","employee_name":"poSTest111","employee_salary":"100","employee_age":"23","profile_image":""},{"id":"13392","employee_name":"poSTest211","employee_salary":"100","employee_age":"23","profile_image":""},{"id":"13393","employee_name":"poSTest2211","employee_salary":"100","employee_age":"23","profile_image":""},{"id":"13394","employee_name":"poSTest221","employee_salary":"100","employee_age":"23","profile_image":""},{"id":"13395","employee_name":"poSTest222","employee_salary":"100","employee_age":"23","profile_image":""},{"id":"13398","employee_name":"Ion12","employee_salary":"25","employee_age":"1500","profile_image":""},{"id":"13403","employee_name":"poSTest2233","employee_salary":"100","employee_age":"23","profile_image":""},{"id":"13404","employee_name":"poSTest233","employee_salary":"100","employee_age":"23","profile_image":""},{"id":"13405","employee_name":"poSTest234","employee_salary":"100","employee_age":"23","profile_image":""},{"id":"13406","employee_name":"poSTest235","employee_salary":"100","employee_age":"23","profile_image":""},{"id":"13407","employee_name":"poSTest236","employee_salary":"100","employee_age":"23","profile_image":""},{"id":"13409","employee_name":"poSTest238","employee_salary":"100","employee_age":"23","profile_image":""},{"id":"13410","employee_name":"poSTest239","employee_salary":"100","employee_age":"23","profile_image":""},{"id":"13412","employee_name":"hanouda","employee_salary":"123","employee_age":"23","profile_image":""},{"id":"13413","employee_name":"praddy","employee_salary":"123","employee_age":"23","profile_image":""},{"id":"13415","employee_name":"praddy123","employee_salary":"123","employee_age":"23","profile_image":""},{"id":"13416","employee_name":"praddy989","employee_salary":"123","employee_age":"23","profile_image":""},{"id":"13417","employee_name":"poSTest39","employee_salary":"100","employee_age":"23","profile_image":""},{"id":"13418","employee_name":"poSTest49","employee_salary":"100","employee_age":"23","profile_image":""},{"id":"13419","employee_name":"poSTest19","employee_salary":"100","employee_age":"23","profile_image":""},{"id":"13420","employee_name":"test1234648135","employee_salary":"123","employee_age":"23","profile_image":""},{"id":"13422","employee_name":"poSTest219","employee_salary":"100","employee_age":"23","profile_image":""},{"id":"13426","employee_name":"tesghgt","employee_salary":"123","employee_age":"23","profile_image":""},{"id":"13427","employee_name":"Mi","employee_salary":"1","employee_age":"1","profile_image":""},{"id":"13428","employee_name":"Mo","employee_salary":"1","employee_age":"1","profile_image":""},{"id":"13433","employee_name":"tesSDFSDFSDFt","employee_salary":"123","employee_age":"23","profile_image":""},{"id":"13444","employee_name":"test11","employee_salary":"123","employee_age":"23","profile_image":""},{"id":"13448","employee_name":"Ion1234","employee_salary":"2000","employee_age":"26","profile_image":""},{"id":"13449","employee_name":"test112","employee_salary":"123","employee_age":"23","profile_image":""},{"id":"13456","employee_name":"Jay","employee_salary":"1230000","employee_age":"26","profile_image":""},{"id":"13458","employee_name":"Jay1","employee_salary":"1230000","employee_age":"26","profile_image":""},{"id":"13459","employee_name":"update","employee_salary":"200","employee_age":"30","profile_image":""},{"id":"13460","employee_name":"iaiduiabdreey","employee_salary":"14000","employee_age":"12","profile_image":""},{"id":"13461","employee_name":"deleteMePLS","employee_salary":"100","employee_age":"23","profile_image":""},{"id":"13466","employee_name":"updatedName","employee_salary":"200","employee_age":"30","profile_image":""},{"id":"13467","employee_name":"deleteMePLS2","employee_salary":"100","employee_age":"23","profile_image":""},{"id":"13468","employee_name":"Johno","employee_salary":"63439","employee_age":"8","profile_image":""},{"id":"13469","employee_name":"tefgtesfsbf","employee_salary":"12000","employee_age":"12","profile_image":""},{"id":"13470","employee_name":"vera","employee_salary":"123","employee_age":"23","profile_image":""},{"id":"13474","employee_name":"vikram","employee_salary":"23000","employee_age":"23","profile_image":""},{"id":"13476","employee_name":"gduiasgduiasgd","employee_salary":"12999","employee_age":"32","profile_image":""},{"id":"13477","employee_name":"uaduiad","employee_salary":"12999","employee_age":"12","profile_image":""},{"id":"13478","employee_name":"radhakishnaaaa","employee_salary":"70000","employee_age":"19","profile_image":""},{"id":"13479","employee_name":"jasuisadauisd","employee_salary":"12999","employee_age":"12","profile_image":""},{"id":"13481","employee_name":"fyadyuadsf","employee_salary":"12333","employee_age":"13","profile_image":""},{"id":"13484","employee_name":"yogita","employee_salary":"123456789","employee_age":"67","profile_image":""},{"id":"13486","employee_name":"vera1","employee_salary":"123","employee_age":"23","profile_image":""},{"id":"13487","employee_name":"ahdiahds","employee_salary":"12333","employee_age":"13","profile_image":""},{"id":"13488","employee_name":"gaydfayudfdasd","employee_salary":"13000","employee_age":"12","profile_image":""},{"id":"13489","employee_name":"yogu","employee_salary":"67000","employee_age":"87","profile_image":""},{"id":"13490","employee_name":"sachin","employee_salary":"23000","employee_age":"23","profile_image":""},{"id":"13497","employee_name":"fffffffff","employee_salary":"7890876","employee_age":"78","profile_image":""},{"id":"13498","employee_name":"selam","employee_salary":"123","employee_age":"23","profile_image":""},{"id":"13499","employee_name":"Jay2","employee_salary":"1230000","employee_age":"26","profile_image":""},{"id":"13501","employee_name":"Jay3","employee_salary":"1230000","employee_age":"26","profile_image":""},{"id":"13503","employee_name":"asdf","employee_salary":"100000","employee_age":"20","profile_image":""},{"id":"13506","employee_name":"qwerty","employee_salary":"100","employee_age":"11","profile_image":""},{"id":"13507","employee_name":"qwer","employee_salary":"100","employee_age":"10","profile_image":""},{"id":"13508","employee_name":"a","employee_salary":"10000","employee_age":"29","profile_image":""},{"id":"13511","employee_name":"Anshikaaaaaaaa Sisodiaaaaa","employee_salary":"120003","employee_age":"23","profile_image":""},{"id":"13512","employee_name":"Anshikainghhhhh Sisodiaaa","employee_salary":"120003","employee_age":"23","profile_image":""},{"id":"13523","employee_name":"test_july_14","employee_salary":"123","employee_age":"23","profile_image":""},{"id":"13524","employee_name":"yadyuasd","employee_salary":"12000","employee_age":"23","profile_image":""},{"id":"13526","employee_name":"naveen","employee_salary":"23981","employee_age":"12","profile_image":""},{"id":"13527","employee_name":"test_july_14_1","employee_salary":"123","employee_age":"23","profile_image":""},{"id":"13538","employee_name":"jsbfsbfudsfbbcuzc","employee_salary":"2222","employee_age":"23","profile_image":""},{"id":"13548","employee_name":"test0000","employee_salary":"12300000","employee_age":"23","profile_image":""}]
Response code: 200
Response headers: 

Date: Sun, 14 Jul 2019 16:42:55 GMT

Server: Apache

Expires: Thu, 19 Nov 1981 08:52:00 GMT

Cache-Control: no-store, no-cache, must-revalidate

Pragma: no-cache

Access-Control-Allow-Origin: *

Access-Control-Expose-Headers: Content-Type, X-Requested-With, X-authentication, X-client

Set-Cookie: PHPSESSID=174a67eea9e0e887b3c8b806969e3c4c; path=/

Upgrade: h2,h2c

Connection: Upgrade, Keep-Alive

Vary: Accept-Encoding

Referrer-Policy: 

Keep-Alive: timeout=5, max=75

Content-Type: text/html; charset=UTF-8
    ?[32mGiven ?[0m?[32mi try to do a get?[0m ?[90m# CheckGetSevice.testGetHttpClientConnection()?[0m
]]></system-out>
  <system-err><![CDATA[]]></system-err>
</testsuite>
